509
1549 11
39536 92602 78457 52007 61854 52239 36648 25013 47431 5245 98461
3216 11
9436 74588 79179 21563 74598 72361 81216 66583 20333 14944 70762
8283 17
93762 13885 75951 69572 91275 21288 77395 96375 29584 34666 84177 81890 94482 75797 778 93624 52552
1403 12
58077 68456 94238 55951 74162 60650 42019 40767 8000 59518 10231 80403
3568 16
57089 20511 38169 38570 3120 5430 9324 66803 88971 31134 34112 1417 40438 15600 99956 37582
3324 13
23321 56075 27589 65658 63487 16067 77126 98469 29258 80630 6316 63905 49851
1970 11
22341 80411 49785 92429 60718 30317 17137 60864 35806 13325 71777
8404 10
36801 44882 13529 96954 91728 58196 82120 38866 37115 13368
8505 19
99498 64527 91543 35399 75626 62215 63958 10869 51950 86182 68405 53693 4848 82264 70781 44883 40259 80284 68816
2898 13
27128 3733 4151 96321 73496 8979 40590 18833 39434 26924 15175 31889 69486
9218 11
50339 71906 41448 35538 8590 68963 70639 23172 27311 24201 89612
6754 12
38055 47046 69574 57188 73946 60674 9716 64971 16462 48874 54195 6136
53 11
70968 42293 45897 56156 60488 67042 27198 2478 19871 61098 1061
3883 15
42944 73176 60726 52270 73083 99574 44369 33589 97903 45299 81808 22713 48709 24416 51928
9286 19
12145 87900 86477 44411 66849 33249 99937 61292 11219 78822 4490 27276 50225 4073 43336 26962 26395 91755 5441
4963 18
28802 31380 67334 61153 21883 34875 32355 39937 21360 42460 99191 28048 99629 62023 36289 44372 47826 13355
4297 19
55765 75660 7838 41818 85081 50128 596 19612 10514 77693 5924 71757 28652 40342 35826 81533 8519 25838 40293
5263 17
78398 15260 64389 805 73291 90365 34601 32725 35600 38744 27573 36344 37405 83457 21385 41725 63602
6355 16
97645 20133 41965 94618 70258 62766 50907 44783 33872 10185 31177 17030 56480 91485 84084 65387
2359 15
9508 55889 28632 60259 52615 83803 14067 12451 85810 20678 63497 19053 98686 78319 30503
7571 18
32320 20278 92146 77627 50211 94825 98311 84042 14748 38860 86307 46106 14527 25497 47873 78861 81760 35514
8300 12
9754 33813 60051 10836 54196 41532 15770 73038 31408 51039 62377 92704
2297 17
20451 34902 72402 98491 70960 48161 19238 74118 61759 67018 54343 44219 26037 42504 5511 32352 6718
1559 13
51878 83093 94008 21448 48838 90715 57844 13735 52328 91615 44809 49428 32310
6779 18
23458 64219 47364 41851 55496 97360 26920 64426 24773 42236 32041 28854 80698 96152 47812 2282 81514 17379
5999 14
41739 42056 50054 89070 69509 11566 33623 59137 96427 70701 75664 21000 75402 10128
1044 14
60633 72992 46398 94797 47616 60159 14907 46663 35191 51997 2081 36160 32697 60239
8673 17
36169 19193 42713 49726 26241 41820 30594 49139 39802 65759 5764 55372 2635 66372 90983 85016 55022
122 10
12344 47800 22078 37843 98090 55902 89613 70053 13385 78834
3418 15
92780 39322 78891 98243 67750 65342 96870 37794 12207 19757 48325 21134 4314 8222 28143
7673 15
3346 50561 85973 64448 79896 68285 94684 52006 33619 94213 86700 63693 6644 99132 82362
1630 10
4576 36035 85785 30501 20363 44063 74771 84827 14764 82512
7995 17
76518 96627 30852 55364 28990 77993 78404 47295 38128 64041 72285 25285 5768 74621 95027 7514 19974
3340 18
8177 89643 45755 76201 31484 33191 46621 7453 34884 37866 23964 64382 66710 82696 54815 77225 1489 96673
1470 16
65082 80351 88669 40701 25241 50506 58597 23366 42391 76277 91232 11762 95132 12250 14903 55394
2376 19
91467 54962 52992 75624 15707 98333 93898 49492 12138 88182 37443 5633 1632 20487 10170 77479 42899 23742 24430
7791 18
26638 87331 41427 91641 54133 81321 49959 81874 83007 87958 75810 84014 35109 48237 27113 23942 32187 93181
7259 16
70983 5724 76989 28997 32807 28395 14943 14752 25195 40686 44513 28376 76191 65832 72463 40291
5835 10
93577 24979 6703 93568 73781 78040 67862 30382 89745 48697
2006 13
16873 20664 3964 27157 75657 42447 88446 96323 96719 79411 94498 42790 36998
1476 17
62389 71712 86219 67602 67690 1961 19419 80283 47921 75901 72019 97715 97603 57158 96318 36162 81097
6979 19
25493 30325 41474 3425 22906 93347 41412 76206 57859 89839 71246 32591 43631 21211 71799 15498 40294 18600 8991
3921 17
76490 89729 54401 15053 45079 43480 63852 1420 14659 85820 74507 61771 86890 89556 46074 60181 43430
7468 12
26244 6968 37412 71658 67830 44624 96293 82111 85876 68262 13598 33073
201 14
55418 71461 22782 41939 9003 97865 43702 71506 10122 16015 45238 36432 37292 59402
6299 12
19280 26214 26663 88770 27430 756 70426 34082 37835 92565 5192 11206
4431 20
7277 91132 55444 41337 55114 79125 45797 38796 17664 5799 60032 28784 27275 74076 86464 14772 41381 63847 57498 18859
832 18
85275 54441 26078 3870 44419 29059 53142 4567 29746 86392 17213 98497 89198 12923 42719 75680 76482 4118
8174 17
609 61041 25361 70808 86736 1372 70524 77403 17294 96761 89563 52739 13926 31207 16501 21511 28054
7956 16
34990 8361 86621 25103 99270 89710 2365 59305 39793 19498 11082 43098 83790 76310 23650 91358
5437 18
78972 70941 46209 62156 99313 49865 63416 37541 94845 29133 90727 40517 75118 10326 39244 58359 36537 84137
7974 13
59320 36882 27448 20571 76647 71379 88310 46572 26355 45484 26314 46166 74034
3301 20
38908 19561 31788 16442 40547 8738 87044 25109 71697 2972 4947 4023 17449 35755 92476 70229 19556 89106 96993 1990
5483 20
6052 58692 90682 48618 56583 27152 71115 72869 85428 3007 54838 19870 43895 61410 70522 79057 53064 31651 64670 471
8122 10
70857 93479 99042 22757 93036 62802 98957 55650 6121 53274
6612 17
51976 90289 41036 60509 64075 56700 91424 26840 56585 63998 11996 61274 53430 21810 1584 3698 22393
3788 19
94641 18810 20704 67305 99265 89413 54710 45294 79613 89924 5704 98751 91594 35027 4613 20309 54384 26619 94356
3318 13
1598 86023 45513 76786 22250 80271 58059 61006 32281 94732 43084 69979 15194
1760 10
58487 39132 14830 22422 82880 46805 28953 40929 5901 49620
5222 19
24693 10641 76267 54397 41400 26173 4876 68892 80462 97060 59049 48701 59752 98254 9465 83599 87267 17264 93170
4724 10
27207 84899 70830 89948 45997 93002 61668 88888 30970 10120
9336 15
76358 31985 7095 18473 89465 95682 50935 98817 18601 66404 77454 69072 14610 70375 4034
1656 18
24609 93771 35245 72509 61273 44711 97291 65224 43936 88168 23470 37811 60616 25507 19251 87475 1053 86226
9146 10
67219 22583 72429 3122 98259 39507 16783 85927 41164 89996
8795 18
81608 7588 47816 19282 20115 35653 11887 31898 7515 75616 30617 72714 51607 36151 89427 33606 24629 34827
8098 11
45918 98316 83543 35499 52912 48510 6241 86941 32178 7982 78523
1415 12
83073 18746 11057 86353 89423 77295 60818 12331 35560 59570 67311 36581
7021 16
34954 71094 15673 69638 19902 71524 93967 86633 39880 78444 66024 14586 8126 84776 58903 65056
3156 17
48445 44433 43827 94725 70022 60921 18056 20300 69169 93278 68184 50115 82727 5883 41314 17659 41816
2610 20
49113 53356 4174 66708 74761 10458 48745 52297 89240 1382 77032 65479 61304 30494 48043 71113 11071 25060 7820 39325
8176 13
16355 16290 18106 40020 57667 14198 91599 9621 44656 86706 14628 899 42862
8530 20
99723 87719 27044 59089 42760 5892 2304 19448 81373 26138 98024 96213 11503 20859 16064 32631 22968 88957 82458 53582
3970 14
58686 81727 84154 37441 2949 32750 80384 55513 1978 3427 55053 74394 90280 88203
1448 14
89811 45990 14370 53233 91418 88507 61385 46160 97191 45379 52876 95566 88725 92889
8109 12
59017 10811 66840 52339 36052 31540 34450 42969 23360 42782 5407 75268
1296 11
88752 19174 45191 95303 80466 26826 28937 9005 84642 95991 88340
9139 17
72003 9723 64792 33621 58246 10873 92274 6884 23623 87919 42268 93889 14898 95334 15943 71303 84966
3444 14
98937 82303 80839 58910 28590 37457 39250 48528 17112 41648 36044 68979 69317 44469
8260 13
87805 2337 83122 47005 3518 8391 92119 63560 35133 59725 81941 43255 75316
6915 11
71522 5398 85422 36036 74797 94434 29988 42644 39955 85197 65488
1269 13
83487 84144 65737 21019 16327 7718 83339 65460 69219 88351 31493 43551 42034
8534 13
84520 33987 77373 74239 17498 86509 84302 37898 93623 88065 57696 80071 29668
111 14
70445 79430 55457 45472 20320 40466 97759 15253 1559 8792 38153 1692 78382 61427
6934 13
48481 74367 16373 24894 86885 32950 71508 61838 8692 98240 53983 31381 37761
8663 11
43539 97554 38608 87246 8726 56195 6134 17711 60655 49876 9850
4194 13
40861 66263 16943 77193 53815 54420 23520 21300 7184 56177 13128 73906 19288
1800 11
97417 24025 39404 88329 75484 31341 51532 37546 62554 62440 29997
9956 12
73679 83481 46911 32066 882 51185 86895 84525 39065 26478 38387 97509
4472 12
24982 11639 13360 74212 35070 44076 6311 22 68847 96709 77229 91501
4065 15
44996 33951 90021 59940 18030 86029 69141 9496 43277 6561 43537 99292 16624 69244 50234
8384 20
29310 15212 81966 67329 27699 90223 79781 89482 76168 34713 37923 71023 84933 4986 54344 69826 24067 84313 45614 67804
8149 10
16863 88199 59349 39297 46288 42728 11281 71560 79950 87508
6559 14
99683 77860 16951 69005 79197 20328 54466 59253 32993 60536 43420 85010 79134 63406
6717 20
18904 62589 2492 52310 33661 95454 83653 26392 14982 18367 25539 68371 87993 32544 74352 36096 81339 28162 41992 40088
1307 18
48817 37105 60016 40496 77218 76167 23465 72959 24787 33850 46815 82495 86902 52535 75297 1529 54991 30185
693 16
79029 34392 77061 70660 24973 98204 84908 66704 18233 32671 38587 66038 35676 30884 39490 52967
6442 17
69280 20785 52025 38770 83160 71791 36383 81761 11660 25017 6299 36183 11172 82710 73213 27191 71284
6386 10
2109 59511 71764 67054 17594 22813 49757 19711 9874 11094
6957 15
16211 23121 35443 94880 32686 29776 97950 89883 93239 41944 72670 8280 69907 51669 4446
436 17
20540 86715 58907 41981 96497 6930 15140 65951 6619 57743 11589 73634 94503 63990 78386 48725 30423
1568 14
97741 42221 34664 59420 53185 88410 28304 91789 11564 89399 43656 97471 4870 88676
8691 20
85175 59290 46058 20152 78715 29434 80049 33992 55052 11153 55714 18437 15371 15480 35565 50247 87419 78477 48126 1012
6493 10
88148 56683 18975 75107 17080 24233 92547 82563 80393 95151
1459 11
27701 45499 31858 70489 22510 37665 78474 935 1646 51146 43644
3124 13
1683 42065 11593 7441 45851 4303 79809 57835 99244 89360 31431 99456 24803
5183 15
30363 96415 12674 40603 16578 4666 15272 1046 98307 67503 15475 87588 34946 77213 58191
9927 12
6495 6861 79480 74206 79254 62049 25242 15046 87095 62499 75180 30544
9302 18
8397 6648 31657 46052 20060 44023 22657 23442 16179 43289 85673 24685 83431 35617 85456 15916 39129 38601
1843 16
54642 45113 52837 60475 76691 15645 36624 43019 62212 79895 28056 55459 20750 6511 87532 92956
1491 10
72736 40610 40304 36866 46948 26376 32804 89224 64376 52258
5285 15
88880 67607 669 71759 31780 33018 83059 2419 64457 17578 41032 39323 66260 26087 84286
4032 16
7520 62227 35908 40324 20194 92981 96724 66853 51048 42375 59059 32155 75291 14852 52001 68112
8730 15
63838 97591 29795 99517 54180 80550 17254 99587 38448 95584 78006 70577 3066 75695 28565
8303 10
99530 15817 34574 38797 86922 10372 65494 97887 74081 75871
6464 17
7421 42483 19163 71231 70117 66338 84763 58880 78557 88610 37271 8972 42093 49221 51166 73743 7568
2074 17
9542 69436 34582 11830 65019 9539 26233 44979 97607 98036 99422 96591 72944 22159 59350 51412 93740
3613 20
4368 31038 43355 26915 37763 25581 19254 91166 55759 21856 30742 44158 68941 77609 64790 4461 14696 27244 28634 63209
1331 17
38127 59974 81015 53581 72349 25333 72124 82656 36055 69818 12924 69820 59676 86946 3541 31281 41770
9124 18
40886 15298 12191 68026 60377 17411 20981 43429 62522 21421 72526 79060 15162 94572 92903 12780 32653 44053
7584 17
51486 86386 17949 64265 72986 8135 62506 71995 39153 75741 18981 92705 99672 23420 1783 40246 21488
6644 19
5281 73905 62465 89990 39066 67532 47332 32722 10816 60249 79918 2164 91504 34217 59710 87633 34688 43182 52990
984 18
38364 5364 43392 73305 10131 55512 26821 67207 29093 43599 3243 78657 20155 64584 62866 3149 99627 98443
9255 14
82545 80757 54473 33025 1875 29485 40739 10121 69499 14871 19731 87929 17705 12490
526 14
9200 1491 33586 62761 54307 2504 33981 98157 16110 69570 87714 67485 16735 29292
2848 11
69102 58578 50366 77165 83820 74347 31963 98293 28308 65442 33192
6937 20
97743 26012 96138 62652 20272 15426 90470 85692 6552 33859 63659 36164 2814 62072 89923 44769 64550 47247 60107 80846
5299 11
60588 30447 93645 54506 79448 24657 98286 55542 50784 26872 86125
2395 9
32028 29566 55498 65485 56459 78730 84645 37167 48699
9460 13
2404 87181 72555 10043 94677 60724 3868 22338 87693 27752 19632 66906 43007
5250 16
87580 53617 95426 87670 77412 49622 16310 62578 53051 36612 31086 29546 3481 7011 71929 86246
5853 17
74745 35992 74376 98161 7334 15189 86337 46472 69503 78738 52055 95766 40237 51319 71022 45690 26098
7046 16
9189 90356 3432 80987 59209 68407 78128 78957 19097 86474 57174 47103 12637 25156 20076 97324
8633 18
46131 9625 38962 46064 31777 39974 98111 6963 8506 44818 24477 67844 66129 24125 45900 53911 65450 71976
416 17
80870 84065 78548 57140 348 82929 97542 71411 19674 96196 34561 27052 85782 10280 1508 58698 61397
6550 19
12759 7958 63103 11530 16395 10051 94970 97138 35700 97857 33058 31067 57527 85050 80912 93066 49892 65313 57286
2096 15
85637 49534 64529 90985 16507 29115 46189 41407 68181 31719 46889 34037 50863 68033 92079
7470 11
47689 99819 14340 84931 60595 58776 89688 30834 25892 24953 97382
601 11
35850 5774 55818 94757 41848 71690 89734 77085 26911 63440 67317
1989 13
24761 97175 60870 80644 64154 53033 85142 51836 70849 79182 61260 39893 89037
3953 16
15550 28280 11603 54495 66720 95826 19290 64015 8169 51407 80813 95955 88667 78057 64680 38261
9738 12
65988 57908 67808 49316 91283 61321 99559 77572 40248 61396 5879 90910
6732 20
6926 42076 5703 15518 11427 41210 93576 1786 13724 18926 68300 8321 28875 29216 63448 64978 51248 73562 54041 20435
2386 13
68008 79983 17124 75001 71459 75808 59997 74830 3100 35659 29437 82456 99353
3139 14
31857 71431 89178 82019 72299 38151 10883 42701 89733 30075 39342 37825 53065 31626
9108 14
42463 45545 2947 97664 67184 10878 14044 85237 87785 3767 44442 21047 5784 69876
6202 14
87037 81666 92835 26051 73534 88430 35878 3489 69527 18657 32439 37978 47571 70036
5357 16
88026 23666 69433 41159 14299 15395 61616 2897 41964 28226 61566 30926 86311 29070 86499 49688
483 19
55175 23936 22428 28793 76401 82157 85773 32841 13374 31641 6826 31983 35897 60976 72158 64702 33160 96505 95567
3065 15
78668 9538 88681 67243 13897 18806 57157 57986 27791 57679 72236 54699 61023 36925 46943
1984 9
32744 29613 33464 33105 60456 12902 80178 92038 41551
5339 19
8649 93773 74857 57166 82022 58878 40789 63380 21895 42866 56296 57668 12125 68007 58639 72427 11166 97317 61805
6636 14
47982 71874 42641 1816 32592 54092 97223 88953 997 5454 47875 60066 95361 34089
2651 16
66504 98402 89695 51735 33345 90615 87520 303 84919 15485 35995 69343 34930 40436 87639 6709
6129 11
76567 85677 18743 10774 60913 65399 43174 14224 21030 95606 92605
5968 11
53808 52656 25980 72515 17157 24225 19106 92878 45326 15547 34276
7038 15
70019 19777 22970 45102 11272 74706 87874 43484 61179 16268 64379 34793 99644 3068 80352
6418 19
36770 82879 81382 55802 71901 55251 57577 14997 3708 4176 22844 96150 91998 77682 75744 39035 7124 99717 79744
9462 10
45433 28848 60482 15540 89891 72503 56908 59697 68769 79665
6662 14
77505 46197 44556 59662 63706 33638 11990 2576 65002 95718 64323 53378 22401 67410
6760 17
39307 58782 62767 1126 55458 92406 950 65570 77028 55649 85057 44692 98616 84077 52244 76560 18940
1488 13
94939 1762 94462 80258 14619 22695 97224 5672 32887 33891 37975 24347 39288
8617 14
62826 53656 56222 70208 24555 12078 65001 89450 27070 73616 80572 58113 96366 27336
8249 11
92133 65543 28731 38780 3773 91503 96403 34308 47985 37418 57437
1097 10
76006 62296 36934 17246 41182 74675 38974 19570 67248 84461
5397 17
25888 53189 71639 90129 53613 54150 5699 46379 15078 27789 73351 77282 3816 53554 98963 78555 94475
3993 14
22861 57768 58199 43520 92861 60365 47019 50285 80554 63237 4313 89549 56292 21837
311 16
81915 51679 9234 37806 14278 62846 61621 90667 12715 77658 99037 25499 294 98158 16057 23380
7308 16
10896 11678 54440 29482 40867 38808 24479 78871 67249 24598 48460 31752 21713 75913 56598 97823
9855 19
64392 55738 69233 45533 18568 21342 94033 79077 2999 60258 74200 56073 84226 83257 14014 34698 51479 31629 24583
9128 18
6199 56152 76510 26264 77778 90595 48531 6763 50738 88368 41170 59735 76763 22056 43449 20291 14032 66290
650 14
18275 59551 61008 78383 44740 78483 88226 60100 50898 26135 4701 33694 68345 68353
6152 14
71306 14160 6315 16806 71362 33034 3713 75597 94538 28053 6747 24180 23049 5991
7351 17
13311 22850 96421 61674 3102 72391 34023 54109 23973 36168 67279 28531 40042 14182 72240 58439 38075
1668 19
45921 67446 36335 77215 71723 9362 24030 17657 44718 88494 55783 54122 21420 77181 80410 58743 97548 40392 46296
3399 16
74295 82928 10465 22569 35323 36676 35814 19469 61191 76703 40973 64165 28034 37944 31740 48438
4154 13
32941 3619 51548 89968 63752 2105 59035 26091 816 1117 66068 35994 50924
7729 18
15638 4197 89627 43920 31033 28235 16001 6685 5343 72099 80885 24647 25440 86053 15641 74182 31058 54159
2732 14
55683 30026 17453 32601 58308 48868 12612 16158 96872 34513 60437 98643 45352 61549
7555 11
34991 31057 33388 93960 80645 62262 9913 98853 59433 49271 28735
5523 18
48363 74547 64293 17531 95018 31675 31078 65454 18711 44354 89131 80571 82572 36834 20012 33580 37009 67081
6829 18
60934 11544 25090 68828 27337 83846 9010 6498 69860 60881 50086 74908 2609 29348 45522 34523 11981 54721
2269 20
27432 96431 83406 77141 54550 13151 16400 36013 24443 21349 25367 60244 79711 48995 7341 54049 77337 68373 96225 37632
9298 17
62084 69516 54793 70235 72773 39454 73334 15972 31280 34485 55680 47822 36779 58005 26414 69121 33256
498 14
77897 80075 55274 38688 14276 11241 64733 84687 75135 72849 74383 85390 4651 95302
443 17
33594 37258 76426 95909 37035 5945 64990 21264 33760 85483 42772 41537 87797 10909 86652 3727 95877
8651 16
97194 49212 89367 49211 51171 11361 43346 39478 40752 39508 50717 67789 39193 18893 29347 25462
8279 11
24737 32039 11213 96414 98543 63624 63029 43322 79437 73237 82502
6772 12
62509 46842 86445 90050 88834 95671 24112 68161 75938 19919 23500 95512
9686 17
29417 91702 58585 18898 3052 19857 92969 4984 67539 65300 67202 89718 12234 1739 98885 66874 65441
6645 11
6841 11090 22571 98520 68788 67775 80150 82989 73926 55235 5018
2919 18
26334 37464 22673 36953 36354 81202 43217 86866 22402 41339 66105 832 92778 35907 45296 43173 54171 2194
3552 16
64890 39157 43720 77022 69434 89918 31819 46670 15879 4127 53591 68779 12167 85967 42 58989
6309 19
14653 80460 93976 26640 86093 17753 45999 82507 38955 38032 63596 75658 95180 48809 96428 95246 87322 21737 11607
1737 18
7055 75599 35667 96574 7610 1912 10209 28258 38352 39513 74518 41108 63090 75169 18610 75184 24216 11483
350 12
55647 34408 16689 63551 10810 2565 8204 39345 43238 28363 4757 77936
1555 18
22605 6096 35507 10250 21476 13741 59340 11313 43350 54372 83990 16113 93744 23692 4985 57008 84057 6024
2901 18
67673 88634 20707 58807 71126 34002 85111 25691 6452 55482 94766 19814 55760 32970 16397 32616 12040 21422
4914 10
65108 26633 156 78860 89836 98086 51134 64661 16410 72650
1249 9
87288 76800 43004 24923 13016 10207 60004 70255 81969
2810 14
22565 6405 96518 51528 19048 88796 97101 36956 45996 19061 31727 89705 20616 87619
9208 11
60684 68199 91296 23102 28476 88985 83127 34691 497 39015 76851
3957 14
51174 59251 7543 51680 66732 58342 69539 35096 94704 80855 62852 57425 31778 47833
9447 20
83518 42871 61857 38320 410 14339 38150 673 90735 34612 76262 89681 38493 63821 38593 98621 20351 33653 70663 76725
8615 15
36274 53634 20740 45706 45337 27558 96694 60833 28285 87388 53492 38768 92221 93148 6437
9316 15
85069 5807 99852 82906 75727 37623 23358 83085 78016 47309 42636 19434 70147 33100 47249
3586 13
74127 69328 69041 5869 43105 40780 71835 15365 86665 7837 44102 66498 57227
1349 19
44508 17539 8164 75381 82237 94002 45850 63894 28366 32056 22375 74174 75694 42110 50069 19353 11511 86640 56202
5133 17
6293 10317 11041 92591 26207 38288 48956 93696 58590 96547 64838 28588 39849 20136 14061 99482 17263
2504 15
33155 449 56410 370 22770 53082 86931 24035 48916 83227 95592 67989 7223 70525 34013
79 13
9743 40712 34003 3069 75224 17409 68010 81522 5547 92238 20294 15601 95827
5811 18
97719 17872 73954 85320 13126 50897 25826 72936 1668 6893 72787 35642 27102 99537 74209 74557 30850 45346
666 18
26993 9951 14885 99567 57487 2834 36233 67875 21912 74264 6572 13783 92957 58181 14705 71517 30881 25193
4618 16
18713 56330 44069 97876 95468 99623 78103 62124 5242 49356 86718 73190 74901 12430 39285 63734
9783 16
17646 59326 41426 69770 31438 93885 99054 99879 22658 39361 60789 58707 87201 32306 72661 49852
5088 11
50196 71975 61135 59896 16112 17693 92961 1326 26890 71470 22085
9413 17
87152 21171 77867 37757 43304 49055 56866 77804 41002 98988 78612 41591 127 49797 8928 9212 70530
853 18
13958 83199 22336 56000 91403 35198 78235 12851 11000 32160 28523 89060 6295 59277 29122 26715 32916 57405
7026 18
33688 34018 75105 28224 6916 45019 47326 36760 2780 7860 20501 23830 21756 59233 33196 40458 89158 71221
8490 13
6575 70466 72199 12447 75442 74268 6067 5462 48919 82276 52199 1738 50163
4717 19
51880 56201 2654 3319 65413 79767 81351 28190 61195 67252 12998 68665 49956 26828 43891 29078 61563 36568 86264
2086 8
50175 64126 8855 21483 71240 22534 69080 10082
20 16
6642 83263 99671 46404 54112 37314 45286 68344 21904 70902 88220 56269 54544 79689 60514 92494
4637 18
50684 54237 59528 63609 26142 58115 28299 96659 46712 48895 67409 20123 95262 89102 16353 89342 78679 72198
3556 13
65954 23675 21007 8144 92042 48648 94722 73588 47632 52999 50333 63910 3563
458 17
45076 56783 52949 62355 28797 43977 97306 80536 31129 50016 30142 28423 48823 128 11323 16259 15900
7305 11
31000 41276 71052 569 89141 16103 27769 17735 80227 23444 95997
5434 13
59957 24010 24601 11851 27595 88996 89994 90886 79426 47199 76683 11018 42230
6866 15
65174 4819 30622 79346 5166 91496 9448 98480 31645 25496 55404 91843 64764 91368 8553
2816 15
81484 38634 43990 98923 45160 48063 55708 1099 89434 22929 10524 14992 28229 89651 73720
3290 17
90740 14447 28385 18661 76 43961 33484 82662 23482 91742 79759 93512 81172 17413 10959 84907 3676
3428 18
51354 36727 61709 39161 49358 47401 97430 49856 88298 28439 56796 44929 25787 63123 612 69864 87468 53296
4245 11
30999 47418 30077 13323 58098 13249 95230 27749 62112 1261 51737
5147 16
53547 35705 76297 44093 62803 98183 7494 25915 72695 11510 22453 88450 72544 5397 3587 4505
6241 17
74814 66575 21600 13562 40351 25240 88617 54471 12416 40462 98014 66639 48146 86442 61451 42960 36531
7515 11
1370 63763 85042 13034 61005 27885 77803 32430 5656 32060 35357
897 15
31964 92813 19537 64407 35768 44446 6362 13632 30177 71146 3370 85252 90241 43187 89915
4496 12
94856 61278 65932 95947 2210 51627 54582 15628 93963 92646 86869 53580
4758 19
2686 92408 23928 91216 47525 74497 63986 61417 26076 4552 24709 94218 2051 41803 71749 99010 54287 84347 33654
9800 20
62670 97820 39110 72219 62235 50977 4382 65584 83343 29458 72334 87909 29173 27170 37308 23887 84088 16573 42314 21735
9463 12
5247 71472 30440 33674 43157 12448 77451 21219 69491 20179 42681 4551
8243 10
78655 19476 63983 61019 81504 40459 57482 93152 638 3259
8050 16
50751 12728 813 70363 63540 18693 24179 39647 63265 42059 78373 37194 93694 36105 68239 3975
6115 18
1292 63877 68866 30659 63246 25374 46716 83165 61183 74708 87223 7852 28690 31377 77082 8724 37543 20120
1949 20
63589 41367 99686 77607 96757 21318 2883 7767 75188 71256 99572 98832 5658 82966 1416 18968 52845 29512 24096 46254
3617 12
40209 69277 48872 19089 28124 74355 44752 91049 65327 96141 23200 84356
2863 9
70638 51663 11046 30562 58684 19056 855 99870 72313
4097 12
8825 15629 76441 68106 43288 75174 81083 58574 50909 52444 75944 79743
8392 15
96203 69215 2231 41824 29951 20066 36885 96946 42060 95714 6519 32513 28228 99981 80643
3720 15
73304 47043 39381 35343 63846 60814 19264 11291 32015 46806 31747 85826 84943 94835 41114
2985 18
85650 60130 34879 94195 51017 61028 84959 95068 25908 43834 18528 73927 96818 31850 33431 84273 81301 23427
5896 11
88504 50877 1633 96973 5847 91507 6549 25352 60851 53833 25822
6358 14
28890 61447 76175 34072 24699 80031 24049 8841 95859 31332 72205 59815 57792 31301
1207 15
54540 49805 57280 76575 38583 97222 80714 70794 48526 79181 80465 46375 13873 39224 29096
1504 19
76629 89495 25159 73289 33029 53279 48312 39026 55493 95023 87612 5201 60114 6788 27272 36228 10783 12996 81801
1785 19
26014 20710 13637 23466 28923 89629 71438 23543 75745 8805 70753 67301 35779 83641 72860 4612 2644 65211 25081
2097 16
19472 84576 56512 99396 4479 71974 59220 58614 95184 70408 55915 35119 72902 36914 30639 13950
8870 10
81469 12501 9805 50887 93405 92039 35629 18761 44939 97506
8252 19
1999 95482 75849 24053 82089 37139 36026 15644 36571 48007 66036 43887 23250 70777 62528 41332 7933 29847 22870
4251 11
15036 46481 49793 7613 41937 80130 80598 95377 16994 93029 60970
7042 17
27467 18938 92896 60582 42074 69648 79123 87349 24343 37687 38712 1911 64879 72464 77640 94727 18110
2394 19
6758 73569 43263 36757 9796 1998 40639 36193 20575 25967 29201 83514 12871 47576 63799 96142 34607 95029 94214
2510 11
51299 94567 39652 20151 19813 58393 58544 90510 68356 88952 70989
1948 15
87494 80843 14595 85158 44912 47299 44627 62011 27621 51547 99273 39560 21302 21221 55184
3730 10
86078 54628 69943 71144 87049 68549 40837 12766 77932 53438
5317 9
77394 22543 8016 3624 63086 64468 76391 15637 82990
7143 13
82181 81037 34953 61091 33208 4712 35678 46194 20580 71568 90787 55892 45165
1752 20
6294 66285 34219 14251 83265 40002 50923 70743 14089 32922 67044 63175 3970 56345 88425 226 30714 3907 78980 97137
8005 19
7518 98798 50403 54867 11769 71358 75201 2171 43568 80374 66483 58998 38757 63014 63729 59779 69565 22715 44049
8442 15
60925 94525 57194 4402 27227 6592 85364 56021 3051 33149 24532 94676 44710 21380 84745
2434 17
82765 73658 87770 93848 42422 20481 26434 33774 65033 88569 66377 38988 87879 73924 92955 43721 29508
7052 12
84321 62402 64839 79572 27824 33603 69557 69910 87600 79005 83861 58635
6679 16
65843 29223 32194 36508 31872 72151 47119 65611 67448 78144 83887 55721 35817 25368 80781 82681
4631 19
85608 80217 489 49982 98260 6866 80045 52408 12505 66446 80023 74390 15196 56132 43970 63708 9577 40434 49649
3931 10
934 71748 91009 51555 93226 37479 94255 79350 61412 28675
2998 16
13822 14986 88364 12141 71448 31009 16572 1070 26729 26160 95424 41318 87616 59790 42006 3616
8190 15
56899 69522 82179 71017 14996 63055 42732 46345 86973 26622 56861 33263 60097 71534 84964
4330 11
72368 80442 52496 71274 6287 96206 87042 2290 97836 96715 60050
2346 10
2355 23022 90132 33916 5214 90784 22001 75265 38852 62638
8016 13
6537 29307 60319 3835 38343 36586 24510 19324 51612 44300 52708 54978 6215
4160 9
97538 33134 45332 57938 97979 87595 49384 55481 2923
822 12
77822 922 9044 80095 22919 8699 44944 36123 83102 77812 99608 13934
7056 13
59871 44962 26790 13906 34090 21399 34265 82737 35195 87270 31978 98579 11513
7611 11
56217 47914 11570 71784 30601 31248 72767 77532 53390 18521 38709
1314 19
38917 11205 87717 24981 66611 12496 3071 39692 52882 55018 46120 20714 63642 29706 52397 97131 39913 89598 64889
2151 15
81858 32336 12005 21836 61360 18408 94655 66458 90935 42867 89199 27306 57231 43102 67340
5851 20
45502 99002 21719 3163 95728 35601 16980 21720 8445 56563 85653 12513 17291 30381 50129 87530 23556 21555 79965 3982
8177 19
30779 72882 15824 62193 61129 41349 12332 86465 18057 37076 47292 12082 42461 27778 19949 87722 34772 68303 45970
8856 18
24370 10002 93358 22168 11056 48490 52675 84352 22229 38140 92966 11143 89133 30784 73870 40028 51397 9159
171 18
93834 19756 25686 98551 6770 8249 77844 76712 46997 52473 1041 14190 96439 83172 28062 43211 33601 96480
3871 16
67022 86380 93037 6198 93465 83757 29774 2283 36057 52692 67314 34264 68647 98821 38562 60672
9761 12
87866 97918 61586 55044 97684 34675 91084 54689 91986 3750 74259 28058
4614 13
38614 11040 76366 59414 32798 96201 90052 44479 89416 6797 80231 92694 4248
868 18
42156 50252 98580 44131 50525 38056 4022 89428 17941 20414 52243 19436 4267 71352 48775 47902 55200 26508
3455 16
26094 86518 88309 67700 68755 26454 25114 30918 82940 90561 33632 15838 59195 51264 66719 57182
1062 11
61726 37161 4562 84559 29627 46832 11025 22742 12491 36696 50429
4730 17
58981 76599 40011 68770 70749 9219 49594 60736 70758 31199 60544 66066 10529 33724 67578 76991 87813
1348 17
65834 53262 27379 58518 81953 39422 73329 19371 56091 90943 10838 9142 41574 6111 55706 90465 13098
8518 12
56852 92374 22438 36836 48724 11461 1534 97315 97852 85977 41806 38231
8222 12
40631 5394 56920 63316 32921 98195 96763 45179 82830 52797 89187 80975
9103 10
38012 63709 46179 40936 98080 59467 12231 49435 94900 51298
7010 13
73618 32844 76992 9494 50049 84419 3374 88013 36326 7866 33506 76342 6527
5912 15
36075 96622 63121 13665 17694 56772 99381 77245 4145 88435 7871 35156 14229 55233 58401
806 13
91541 68168 71891 93536 59283 43249 82846 43442 2074 25022 61355 77280 81762
2778 16
95289 6688 10732 12271 64301 61039 53630 11107 75312 92159 95839 5212 7237 13424 66600 5981
7327 16
89861 72011 5377 7209 62968 66385 80916 91892 2444 56397 97546 91198 69788 10089 23059 85856
3698 11
68347 29770 91786 32386 18098 32312 3504 24081 82055 8503 64709
993 18
73163 81791 98506 73605 1939 96099 5913 3923 37640 82869 15551 93522 61584 62743 98571 76936 83276 2896
5551 20
69726 82686 2612 2017 35382 40140 42531 29773 96884 2528 42489 61909 25876 12935 49872 16393 99068 30948 53504 46752
5703 15
3364 51697 72605 31355 12365 33563 34491 58923 30657 85854 67905 30932 56611 70605 41624
1045 20
44114 54028 63622 90560 95978 21886 56316 25087 87873 38313 77344 49560 17105 91949 20595 29992 20566 41485 43439 39892
1397 19
73566 29597 36689 17529 95221 56640 66665 92248 14265 50055 62582 65433 83582 1422 18788 80506 11232 13136 45733
9132 17
3276 59590 57931 54837 75591 38312 86032 16434 86824 88197 99301 51747 1267 35203 52541 22186 56998
627 20
46427 38799 39432 6016 75802 20137 76493 94802 92874 13907 47618 52170 49106 41993 60226 18989 61874 60962 17668 74570
8064 10
42075 89668 76477 62486 68566 41236 52746 61941 96068 84173
9566 9
41865 52477 44518 65721 3302 57624 85657 48216 60741
8887 18
87881 67211 45450 19482 6956 50060 63045 41297 12560 96383 73556 19827 89506 74971 69321 80223 42539 26988
1936 10
20331 79552 40500 81793 82705 64943 25943 95738 77836 35664
515 10
54890 89148 73933 50076 50616 88571 14908 6102 86261 14317
8958 15
56082 37144 55120 68824 9150 63505 19992 406 59386 12006 37090 35279 60567 60861 55618
7159 18
7829 79578 53138 34573 66644 39578 92431 99647 72887 89347 1623 18427 4463 84160 38087 84649 78410 130
1955 15
43861 47635 13105 23107 12622 83672 59067 33254 85930 29199 82553 83997 63577 18445 34815
1131 16
90313 27654 59249 77825 63375 51954 29938 46634 77562 76179 57994 48814 10202 1711 84936 84751
3202 13
78302 34677 40329 77943 53811 85328 62991 14449 33477 40153 22439 9868 91975
7360 10
11512 50678 42389 33085 93449 23450 3876 26904 99682 48561
2881 10
43130 13893 17468 76033 92110 25536 90360 5967 80716 20498
6236 20
43916 67257 88550 71100 89011 89336 72514 85494 23755 46152 97316 6736 21997 31748 26472 37495 49075 89773 74537 95663
9294 19
97076 48181 89243 16973 72711 57516 57295 7009 23597 37909 33522 42080 54341 42870 96726 747 68640 87581 59429
4116 13
30546 28986 9338 36488 52495 67788 61807 41152 14922 19149 70766 40454 10414
8696 19
77630 17085 24855 86267 78115 42488 66416 65791 5076 38304 82577 45104 82092 2284 89554 44776 35619 87902 94634
4747 14
85373 18335 38173 37252 83455 88551 99026 23270 67265 39334 77851 90051 66118 62706
5151 14
35564 50095 17298 11036 64637 83562 22371 31472 21004 90489 56578 17021 49904 83103
4284 16
79590 84059 23103 40266 20698 94524 4492 33387 39219 74488 79501 91306 99442 76024 95026 55489
3636 10
95055 63062 84031 9364 39915 80483 14751 94668 81316 72420
1698 14
86634 63002 71999 22986 63603 42392 42802 44856 21794 86330 45256 76181 94993 79537
3529 9
31928 80431 1810 92291 71227 75927 25057 65857 36293
8791 18
68515 77912 5851 86695 67079 95022 10195 27407 55805 91907 40812 7524 7772 58323 73654 99958 89708 32205
2143 11
17145 79592 86761 87144 18889 21501 67372 34395 28330 98833 15678
3112 10
43657 45668 28722 85324 34679 14404 88931 31194 91109 88333
115 9
60419 96238 5443 58775 15264 99249 50746 44635 76397
5287 19
8987 27536 10141 45300 28737 3206 3028 84768 25182 74627 80276 74984 7137 61540 78017 6389 25386 70320 69034
1952 14
33240 57365 91043 41925 12985 31511 90973 42604 61733 80224 96773 43701 63474 71355
7285 13
89313 24772 11089 65547 40018 83724 74374 73564 81492 5389 63576 26738 69891
5992 17
43879 79453 10937 48718 9899 56265 60611 97239 25656 76410 96542 72864 33392 70214 84303 35818 93708
4 12
14116 50423 3437 7521 16808 89089 84490 39112 7431 24927 88055 75782
4460 17
42973 43208 95798 56836 69675 21702 12804 82131 36327 96436 54694 35789 25169 98425 51201 8319 76084
2049 16
60204 98753 35266 79668 58646 3273 8782 13521 9086 75571 8094 20983 8173 13156 49714 22890
9061 10
47228 97758 14719 6237 36314 6623 97493 34454 42091 40717
7384 16
87360 32486 72666 12128 56319 24652 13395 88240 22345 62313 81332 95648 56831 82847 68034 31705
8860 15
8608 41353 17304 46033 33211 88729 7541 65666 78009 20279 20185 14415 86828 22107 84585
8858 16
65065 63679 32555 88898 60132 1147 27458 6962 86450 17356 9267 52613 79921 13232 99019 42378
7562 11
69906 94315 23574 71421 79236 34662 10861 29837 445 78604 58328
18 13
56601 69057 35169 64396 52395 80302 55842 52255 29586 98878 74125 73308 74997
4645 12
43472 98861 95329 81895 87740 8274 63969 4785 23371 35526 29448 14428
5095 15
49580 42635 72588 57603 35743 73565 2442 9341 95402 10740 54888 17113 34202 35594 23429
3791 13
9819 23402 24097 91840 90794 97158 34366 86576 80437 52820 31939 61984 59721
5076 17
88867 95265 4276 71239 54394 75343 86919 69382 5897 53659 31972 6149 91725 58890 10279 61896 86242
3245 13
44312 34803 59501 38197 53768 16529 25424 13640 92454 17762 16918 12848 23154
1342 12
6330 88043 74766 67961 34616 46270 63941 14075 56297 86196 57895 19315
125 17
45043 98081 24320 33912 5506 42699 11431 27867 36357 13083 17310 25834 52647 61022 11494 38475 656
9772 16
18994 95372 45682 10161 20394 10639 34725 70656 90925 41179 63725 71956 77264 52743 12919 1331
6246 11
33834 68475 9343 35090 77570 47975 49176 28024 52410 72842 12292
184 18
19888 80850 34924 71043 30330 64993 69535 33542 66491 40236 33259 33146 56326 98043 21874 29786 87278 31799
5665 13
70373 22498 44135 72290 23015 83759 72065 90147 35461 28842 9186 74985 3460
521 13
57801 53166 88648 85149 82837 76673 4233 61408 2254 11261 2059 35549 7326
8968 14
81421 35884 88607 71536 36781 59174 21223 41061 60608 61449 68996 33185 4365 91342
3269 10
9269 76348 97599 90162 26409 4228 10512 91649 74819 87766
6783 13
95095 48392 33737 79679 51427 2324 44717 16383 16770 57165 82698 38845 67583
5983 10
10734 43767 86527 68601 58448 10662 88286 50626 63731 12029
1756 16
19765 40388 19767 57180 50938 79460 95040 16919 37752 39911 74094 64523 25855 4896 13012 7858
673 19
29444 92933 50079 44256 96349 4694 72520 58881 37068 74144 65306 97092 93437 46508 73053 42583 59134 17215 20178
5420 16
70074 58036 49151 61732 61901 29580 30188 9063 87071 91044 46153 55451 60166 59936 41558 8032
35 9
45746 23008 39949 52920 17816 38402 34846 14697 16035
4363 9
33321 63050 3564 58780 31016 54 48431 60105 9418
9096 10
22767 85824 30748 35543 91376 37455 38478 83646 95825 41134
87 16
27257 2467 25699 71808 34907 50554 78681 57561 5534 98047 44709 28830 21592 41079 50480 85988
1634 14
75776 15323 42058 774 48779 5282 69902 18305 57740 90605 2981 36241 87092 24468
3759 11
27828 70881 98039 98176 78461 39390 28921 40220 9966 20398 81319
1017 12
67389 30801 60424 79830 2614 9129 55008 97303 25215 24481 21261 90161
4001 12
97667 65591 81051 45852 31140 13888 79390 8528 13030 90042 29890 21650
7989 15
22925 92114 39418 25304 4181 46874 34694 86559 46347 33147 95793 80808 6800 31099 12877
679 18
42288 5008 90947 8937 39950 66304 1380 98826 28064 38913 76598 56499 38440 5442 10728 93904 63537 85535
479 12
77731 31568 15992 4191 13011 9176 95650 98692 15780 90023 65438 95716
1312 13
21877 18935 7271 9898 80561 66243 99615 15350 98272 93741 30730 2571 69652
2914 13
15852 17569 69945 20876 47529 82621 24207 97016 82437 43276 16569 89081 51727
5589 13
18607 16716 41680 32515 93461 7436 99825 28172 59009 30920 59911 8447 63705
349 18
17897 59352 20469 64201 34171 99807 97265 73350 18167 56492 92378 39545 10212 83215 87536 55168 93253 49971
6076 14
12702 50101 20059 90393 10124 98737 66935 8076 20161 88709 18577 16963 73316 19881
6001 17
9506 50160 51208 79986 49955 2465 95049 93593 21401 44179 68073 79879 18285 15542 73661 23407 16340
3094 10
91141 72753 62188 41836 19811 96483 26457 70804 10417 94442
2380 12
11146 65802 83028 96137 75099 12664 42369 29106 37395 90457 11550 6118
3815 17
77166 46374 4154 51966 92909 34414 32339 77528 42691 60964 63161 17945 46480 23933 14465 61699 7154
3546 10
76616 46983 83879 55898 46370 55536 92353 46114 29226 84271
9486 16
96171 47863 13021 29916 50136 3667 85828 29781 88042 81616 25214 1142 42294 88324 144 25217
5547 12
5500 35887 79694 83536 89992 9153 77659 49370 77720 3379 50578 71951
9797 17
32109 45942 21164 83705 94156 91869 93826 4103 31556 50621 51079 9823 20576 52045 88882 33849 31216
6459 18
41535 39579 31750 81297 75329 85041 53526 73898 57409 50834 62132 19844 18836 81837 13996 75475 98174 61506
9367 15
49525 31744 10106 65640 82428 43507 32324 90301 49908 23025 94991 19891 69960 55924 36361
1864 13
94551 43957 96511 30623 46864 34568 52248 22717 33943 78112 35086 54703 18625
2782 11
8202 39935 20879 49505 82323 35129 13815 64784 18103 7826 81573
5291 14
84149 61936 38170 84620 28149 90668 59522 56315 57167 65915 14817 76501 34906 70384
5948 13
28857 42117 62993 80915 84791 50950 37934 73319 4378 94212 33742 21026 57115
1789 11
88868 39740 77689 77289 97752 30775 69302 79708 20399 84132 13792
1678 11
81415 25878 64248 22522 4577 77147 8723 88823 90171 77902 32136
8463 11
98328 48924 5600 81485 12765 97791 28102 28120 6843 62583 27624
9 17
23584 18888 51373 35949 72742 64402 31528 83380 32264 75171 15538 83907 91115 21205 90178 95375 67053
9050 19
88577 74653 8051 71952 48854 78140 36869 88542 6413 58266 77321 69708 17366 49814 3889 66215 23599 1448 15685
198 12
79943 37953 86139 9872 11316 38878 19029 40934 3333 36870 64023 46140
3955 15
13169 96437 38251 62354 20670 21980 48400 9607 48803 88248 21941 77965 76480 87897 6022
1201 20
28933 8585 34078 4850 33482 58677 6471 8851 26759 66837 99331 16196 93111 48464 33588 78818 99899 63192 91106 84256
1216 19
78316 2649 58335 18980 44309 36268 43911 68040 3448 99548 73950 69919 59090 51366 69128 66396 64317 92671 7427
5193 14
69331 89721 78377 60938 55715 84756 78706 45002 57071 36532 21798 31968 32326 74255
3148 14
87563 32967 36813 48541 47631 71769 20102 21022 23400 63389 23660 95340 41864 87166
989 10
77558 52770 37938 57504 34191 80545 20534 80725 49599 24957
1429 14
24440 97642 72743 13596 81769 71251 39346 3421 75018 73362 71970 42561 23169 58104
3027 11
26116 62107 686 72139 36246 93498 94987 55443 7709 527 30048
3355 14
28985 39247 3972 67063 74434 5956 16639 85455 28338 82099 17052 2186 66233 53909
5804 17
41712 90819 62136 22763 62289 4467 34521 5917 51893 99751 91571 48473 8105 94485 30618 8102 68128
1109 10
78813 83089 38329 65141 29735 25962 14698 70282 74628 61713
404 10
27476 66309 1393 70370 80322 70148 71675 40777 47775 73811
4871 18
12492 17652 79041 10014 2030 58146 66996 68337 17164 50357 98377 920 11543 29616 55914 72701 42134 18945
26 10
89591 38644 21296 57812 31193 33647 28825 79353 55793 18513
4193 11
51587 58278 52011 8596 82470 49397 97482 29869 24403 99564 16068
4480 15
86208 82241 89707 20847 75179 65132 64869 55596 60374 77628 50994 73664 12704 68225 34933
7005 16
68978 99895 57825 22817 38045 95367 47204 86192 93059 62622 42667 87675 17223 99761 31766 77842
2973 16
18578 14497 98433 75883 33642 37616 14362 69762 33853 34945 48717 78862 61101 12163 34494 27393
3938 11
83826 92820 37595 12180 43547 75092 68684 70893 20791 38662 59885
8285 12
3807 96181 15191 57228 45320 34260 77979 13554 93030 80043 72167 51240
8606 13
86372 23292 7285 97013 62608 2235 27312 8163 35088 45505 4860 34083 4646
2250 13
19243 54812 87671 84817 3737 95542 38008 3417 52198 10297 14779 70257 68845
8993 19
44224 79606 847 33743 92714 77108 39834 80539 64519 66780 76163 56391 20746 187 87988 61528 3099 98136 4825
3667 9
69139 67393 13608 80618 31002 18478 62143 88836 84363
1094 18
2012 41272 29762 68387 67254 62567 30743 69908 47668 59657 34239 23611 2411 71580 2975 8740 66739 16182
965 17
25266 66258 59425 2703 64067 77830 60949 94083 38092 92841 35736 96799 83181 8982 46573 48933 54433
9368 14
6710 52200 1751 35333 96881 65338 50940 198 84092 73662 67656 25003 52306 26343
3359 14
4629 67275 35819 121 98757 10427 42643 60390 88827 83642 60622 85157 29653 21187
4313 12
21468 11128 30755 4332 99308 45976 53735 48231 59 85470 27686 78749
4705 16
28939 15961 29112 37941 33664 46654 66365 27498 95102 58350 9691 24661 26982 51664 71928 19051
3559 9
19531 29299 6664 5616 75645 80983 76341 42400 71514
9564 16
94564 89514 65091 87438 47827 36491 4400 78145 77329 92259 70424 32607 38194 3879 56167 69604
973 15
67173 94639 61097 64268 91042 50798 92156 92793 34780 56535 83999 46139 6862 60779 18062
76 17
99304 21821 91509 54818 1634 36898 95928 71229 7302 66622 19617 42055 77142 81635 98446 67143 46769
7101 18
39203 6310 69665 64226 32767 24687 57753 27529 11319 38707 51475 80942 25994 1131 92569 40947 91494 2410
9882 10
67493 34929 95506 88230 21506 58916 11092 58055 92736 407
7293 14
51647 36429 14667 14763 13465 57054 12574 39981 73884 3704 49885 44087 70986 49312
7564 14
31824 13484 50779 37631 80929 82152 41308 15735 20135 37330 17103 80755 55770 1101
6086 12
6661 62948 54036 28780 49150 36609 60980 18590 32128 49256 23985 70427
684 15
76404 47959 7471 90353 59709 3569 75396 89530 17968 18534 29962 78566 62168 96289 77143
6031 17
13299 83325 99007 69625 93202 76663 25933 23922 68286 12241 55313 89846 89317 94439 28934 32328 64514
7148 15
15901 48396 4474 13913 43448 52707 51731 8543 32426 3013 71260 50825 71203 52590 49863
4166 12
32465 52657 30460 7037 528 76300 30910 69496 80654 54322 2875 87852
6792 13
29429 60785 28459 2690 71996 3160 56258 7163 37289 5277 52189 17248 74662
1425 10
82434 68541 74693 44715 74273 61665 55771 24556 90989 71125
7869 16
2088 38105 23714 19458 81064 62892 42010 17469 42863 48235 31536 79648 52757 29222 62230 5620
5679 11
76256 73192 3053 78727 26720 82716 91102 9884 11571 36692 67779
8079 12
41092 8205 40346 21614 81894 7197 78690 82065 18718 42415 78175 61137
3491 18
52272 19591 92693 77477 24919 74566 36976 55230 16186 52810 81078 84838 24849 83403 751 39672 87251 49651
8838 19
7292 65952 13303 46113 86787 49997 85036 22781 4993 83446 2611 44964 49823 68477 2151 68940 1276 59702 90146
8644 14
53074 35464 34444 22724 34877 68386 76680 87213 73627 26767 89898 51062 23452 30861
9097 16
19818 69480 9902 3683 68480 3785 85560 94747 98423 96626 95707 79677 70185 16676 9544 66826
5810 12
78493 21603 51085 7993 81225 86804 74884 74309 63360 92677 61998 28584
1464 11
23162 32384 61212 40376 6964 31005 70201 10968 90673 32197 33607
7696 10
44013 43848 69685 82197 24208 58088 35737 14408 1770 29470
5889 15
56880 50516 60145 92496 196 52052 24905 52847 53887 53753 21957 46453 41564 67023 25503
7456 9
77273 98979 22606 24663 91990 46250 32780 29892 92438
5604 20
98019 83291 42354 21085 75707 83808 88745 98615 26363 9978 63689 3229 63423 19539 60539 26512 89538 9206 95456 74267
8409 16
38887 65606 19868 38604 10599 98392 59291 16772 64630 82810 69191 56398 30021 70955 36205 86197
4556 17
64985 972 91644 54089 40510 36222 37414 45034 56560 15115 57800 76785 33926 32157 74165 64604 43049
4151 18
1414 13876 4371 50777 2007 80372 4293 16075 4716 83535 81026 64586 21082 23247 90768 87260 94044 61369
270 12
83779 97589 73124 53802 97247 75116 89072 68709 20521 99707 33876 95657
9918 9
79933 31825 49584 14457 61821 71772 27484 47523 83949
3965 10
87327 25041 21025 78890 84885 14839 91966 3106 5330 51842
3306 17
46355 59778 49472 78551 16998 51387 91251 37210 37296 74779 33651 79610 41945 89523 62590 83493 78504
2955 13
53844 82628 56386 88160 23994 80141 6516 45602 63230 55897 67929 33459 56846
2144 12
65933 40437 36485 7776 83373 2623 18220 37470 8888 59023 39234 62673
6665 15
78328 15422 60207 67942 50515 35658 20270 49364 90309 31325 21582 14148 96148 88816 94640
5134 15
97031 73307 6727 91032 68890 78271 41345 77120 79664 98153 41570 93992 97582 10421 62796
3316 10
95620 78630 87574 32016 52749 68023 71855 75904 5113 7725
1873 13
21409 92516 75354 83314 87217 96876 81407 14302 34416 89584 91002 83188 29783
7828 12
49407 54461 37195 55567 83065 47062 57312 66918 5507 95914 86775 35881
608 10
51100 2756 6972 5002 24148 72032 33098 29875 90112 59698
2339 16
55998 16402 65811 86162 88562 13989 69216 31604 48621 98479 82212 63521 93801 73062 95783 676
172 10
9363 27524 31032 40484 30433 78037 70045 42999 94827 59860
3994 15
89216 43095 34932 98755 91208 32726 82658 61624 93730 55415 50405 33450 12687 62438 62151
6994 12
61296 83743 96372 96668 12043 97023 44973 22087 65385 38396 68834 28872
6470 17
22269 64147 28558 95501 90831 18006 52430 50052 1076 35795 20950 81962 97384 97803 55265 1969 52709
461 17
39768 32445 47155 50918 88031 37561 8756 19242 42774 79697 47118 47097 50539 47063 33194 83538 43121
7621 10
3490 14524 18660 54070 49166 31520 33046 83304 74425 20930
7882 17
59705 20779 28478 16120 52830 9650 54913 70924 41924 75740 13054 14164 96887 74373 19528 35166 89172
5532 14
76154 75618 56444 77124 84803 9624 58431 45150 4594 36759 20449 81458 99553 70554
8388 14
92996 47698 70556 65980 25618 93028 693 5630 40309 60592 73436 97776 93683 57484
490 11
737 97000 10519 53040 39605 44257 30696 5411 60348 104 88188
2882 10
54090 6626 83698 34255 78934 16292 48828 7897 24478 65860
783 16
41389 99706 593 92020 42106 50900 14838 55062 68715 99401 80409 2958 85759 18165 63943 89896
4933 20
67725 17651 12876 8786 20475 38428 20954 26933 1839 23748 94648 84850 93439 39705 92209 23819 26349 14509 79794 79686
1004 11
2399 24346 99535 40950 70011 62479 87426 77426 7509 71234 19231
2105 11
13553 46413 55190 91108 46999 63984 70517 32927 51655 92679 55036
4430 16
1557 92534 44228 52219 3216 80658 11400 12679 80369 62452 68883 73238 55012 14462 58755 37523
1023 14
27354 97587 99039 83452 43370 30515 85591 10828 61112 94739 9084 89160 55186 97098
5431 16
30082 31610 4593 31394 53309 3516 80405 71875 88528 16571 4729 42919 56204 5736 88962 72096
7492 17
37917 75856 94452 80355 56726 6564 74579 36600 47924 46627 55292 80328 8586 95147 59222 3343 5958
4277 15
59812 21120 50526 43436 87780 76576 76239 15890 1840 99806 88908 43504 34590 5683 46843
8917 13
32911 3456 22365 60134 42526 40941 65614 10177 14901 39083 18745 38007 6604
3631 10
67343 34949 64207 30548 86143 66266 22869 40965 90539 11774
2048 14
57514 38420 88053 87487 77279 23749 37639 16870 84690 4696 80104 33546 17338 94491
2584 15
64662 25590 26763 32934 16831 98378 26296 87498 12255 21542 66643 96394 18825 58261 65610
7937 17
34861 3015 78805 32944 81827 48614 13847 12807 50105 74379 92731 79984 7517 4329 48712 12068 62239
7819 19
53006 21414 85469 8183 58796 60221 45905 86604 32704 39170 47416 42215 58040 1367 37514 88097 71839 86747 20549
8758 15
36492 60299 18403 24925 66675 95727 13373 74958 68057 5445 57507 51760 49244 17985 45583
9829 16
83501 97558 32779 47315 77453 86822 51779 47730 70861 56041 75869 3990 21391 88487 67231 64120
