200
10 10
24649 14256 12532 40578 77591 36199 2967 38822 42576 25447
30 10
2933 56455 79533 20501 8490 77688 60328 82894 18368 38354
32 10
90270 50751 60474 34352 20014 93731 38606 80734 41228 97929
35 10
45746 23008 39949 52920 17816 7718 38402 34846 14697 16035
39 10
70955 40361 80241 6160 51883 81581 75554 52877 42324 83488
44 10
68663 70619 47089 41077 55186 44184 99995 5774 42450 42293
70 10
23731 26928 29436 83527 9993 71576 6291 64567 76432 31812
92 10
42710 23932 57354 87154 9131 76538 33545 73669 20672 37274
94 10
63335 55136 49421 77339 30997 50346 10541 87974 25513 20853
96 10
70781 17801 89929 47636 28444 98580 18674 64405 23281 75670
103 10
46225 76913 69443 37898 71029 46425 5350 3032 45409 97035
115 10
60419 96238 55235 5443 58775 15264 99249 50746 44635 76397
119 10
14639 91459 59319 76328 91944 54033 88914 72291 40858 86752
122 10
12344 47800 22078 37843 98090 55902 89613 70053 13385 78834
137 10
98310 57414 45131 50676 49521 98244 34194 32272 5902 4851
141 10
33554 61373 27534 21027 42032 37098 11061 1616 84401 52135
142 10
41397 25320 27708 29870 69776 23765 70926 44876 72905 52504
153 10
16176 47900 85745 20927 87655 52612 14383 52957 79354 12029
157 10
38214 50132 54386 82967 28513 76461 37367 93822 78510 54832
172 10
9363 27524 31032 40484 30433 78037 70045 42999 94827 59860
196 10
89215 83139 90527 5115 66180 33435 22238 13141 21560 49095
224 10
50443 47498 69344 14358 98148 8158 38436 60950 51024 23006
225 10
93541 58073 63200 38066 70560 56878 30035 90169 83003 19578
238 10
44913 68570 49401 20621 70318 77251 76242 99880 83068 42051
249 10
66696 78307 97423 16646 6652 41377 50044 77473 53649 47141
256 10
65287 23184 54373 14410 48986 36790 16871 20804 67869 91661
266 10
79088 63796 66318 31348 75928 56629 9028 38301 71792 7361
272 10
49937 2029 45769 84573 22150 59579 11580 28170 47999 98302
273 10
54141 68337 43542 88489 53297 81132 26350 20523 5886 89638
276 10
62589 64093 41470 77489 78318 15900 91733 38294 97418 58603
278 10
5397 41878 83228 1083 96606 61678 83388 21819 57772 27172
284 10
12040 87228 39353 54762 47211 80817 88005 51896 44892 93081
292 10
23671 90971 7376 96318 68442 40035 97706 87532 53449 33538
317 10
14071 50601 47106 91989 75006 82751 62775 5507 35908 87192
320 10
17918 76245 41305 49966 39993 33873 12364 38859 2459 338
323 10
35208 11507 10022 46423 30579 12838 94684 48382 56106 51553
344 10
57113 59833 75426 48368 57134 92172 79348 2071 62853 55601
346 10
67757 30192 97650 98593 8599 21089 98319 44462 895 96602
355 10
45428 38838 94681 14518 78731 23275 85303 4585 10030 23917
360 10
80824 77074 30215 80851 26241 18869 31367 51762 19893 9390
404 10
27476 66309 1393 70370 80322 70148 71675 40777 47775 73811
420 10
39062 6653 45346 18393 68990 56386 15199 60947 64772 98506
421 10
64166 37595 28767 69365 81373 10770 42663 35803 38478 66236
424 10
84062 77707 7313 82517 26145 36024 24611 19987 33493 30392
433 10
12265 50022 74877 1166 54623 67190 67389 77698 10289 14492
451 10
62222 66191 87307 15297 94095 15961 55199 55813 78636 46950
475 10
81234 83891 63790 33019 81136 98303 69472 1752 45085 56380
493 10
51944 55376 20574 97666 84813 36976 71703 70102 66739 96132
511 9
50621 91945 74356 56421 88467 23089 52074 93224 96423
512 10
2181 3636 68365 34893 35706 91753 58080 96103 21975 83760
514 10
16197 8019 13093 46152 74218 71903 87912 62389 96499 31157
515 10
54890 89148 73933 50076 50616 88571 14908 6102 86261 14317
516 10
42720 397 32922 81719 93660 9840 73137 30270 67237 445
579 10
75165 71023 67171 45252 40520 42065 62224 66917 12219 49017
580 10
30639 34130 30165 18207 57974 67303 56453 54838 50309 93874
600 10
70263 44301 51729 43751 6794 57146 46543 43343 21978 78082
626 10
49881 18408 56379 60277 37101 94298 85702 25467 46041 58421
653 10
51830 34700 71932 24638 64122 4570 87834 3598 71144 57881
657 10
18766 7188 83887 28948 39742 35060 56560 27863 62073 42847
664 9
5931 19978 8756 53792 63781 97843 46568 82544 73122
668 10
87425 76401 90269 65151 12833 4221 84936 20039 50007 24687
672 10
28266 26742 75845 77869 1186 97881 19788 14983 88872 64764
676 10
3490 77540 1587 56670 21692 16741 60671 90628 33230 70920
681 10
67712 9145 65697 55319 85624 96612 96696 37900 7156 92045
707 10
6230 49597 50532 48633 61674 63177 43203 38599 99316 75459
725 9
85447 52832 94995 24213 99625 21105 53946 26194 70871
731 10
81626 36245 18316 17039 15307 13686 16486 67675 29216 81808
740 10
62447 38908 81776 52472 58208 62087 67741 51223 1510 18399
742 10
61967 58506 88173 14469 90381 54148 4920 79235 47529 22558
785 10
14059 34109 56219 83141 51310 52066 73925 27149 34787 13049
791 9
88556 20611 38850 46734 67455 15091 10627 96927 62948
793 10
33971 7241 73436 19685 32085 35245 56558 82334 38964 31436
794 10
19230 94453 74291 64596 14396 81411 9991 19564 19740 26937
797 10
9020 62661 60036 97509 39452 82991 69510 3901 48403 19789
829 10
71741 79013 64598 57872 26965 55346 11202 2020 87347 84083
834 10
65949 13795 58245 75096 15079 68467 95334 36875 86530 1097
835 10
52667 1114 48122 37860 50444 17674 41540 80918 91543 47344
841 10
81413 51738 66305 28705 87310 43844 31571 87231 51795 31266
844 10
29892 92603 4588 13961 29942 85208 77939 9119 79558 137
856 10
61574 80762 11939 13974 39745 70262 41637 80072 52078 62957
858 8
16748 78640 23842 48049 56199 22934 64479 83065
907 10
47831 65891 74734 38694 94303 65743 41567 22820 36274 45218
911 10
49666 60092 21230 52664 13851 65194 53806 88278 89060 31140
916 10
47691 54491 63527 19188 10699 51380 33571 21782 37021 81616
917 10
33126 85545 29121 97211 99771 60729 3449 59516 38274 44084
924 10
32869 2009 63681 68117 9573 59119 70719 30692 27088 2345
925 10
10542 81649 54010 67473 49873 62837 21489 81081 8095 54049
926 10
63947 84486 87580 10820 35776 61774 4117 24635 58282 62344
929 10
95539 63957 52453 21096 7767 14681 24062 13568 27796 34808
932 10
2909 50284 1991 74371 75396 52318 57116 60252 66390 46854
933 10
58008 31198 59953 53445 7972 59250 72706 21224 71805 50045
942 10
3662 68805 62560 13825 62472 36870 22165 89752 58609 58062
956 10
2060 15948 11703 73488 816 19182 79303 95823 70651 45817
961 10
9304 38257 33658 40392 99590 38307 34996 82592 43419 70043
987 10
55544 77818 18167 27073 42556 24118 43675 49405 19790 17629
989 10
77558 52770 37938 57504 34191 80545 20534 80725 49599 24957
995 10
40938 20318 71309 40241 26812 95611 73844 89254 61478 91045
999 9
44041 91124 88333 39135 5864 34817 89646 61028 34321
1016 10
42278 82435 437 98259 3811 4268 31468 88210 38177 96662
1028 10
92049 44539 77170 60552 98360 46773 4225 48004 88525 6622
1029 10
7468 2582 19794 15258 64097 79024 25966 55391 52505 90196
1033 10
35336 66969 32089 1227 35570 22592 54274 20678 80585 59925
1038 10
42053 89327 90385 12915 88064 60326 31179 60692 51201 59548
1054 9
4258 52349 30365 90198 91174 23370 85758 88679 519
1058 10
21050 32685 84814 68218 89345 32170 15454 84135 76780 64071
1070 9
1264 48880 29068 34224 60827 21838 69810 59081 7092
1080 10
7929 85465 3042 2260 79608 70652 71320 95298 82490 25950
1081 10
32509 95883 59747 2153 12063 60934 1003 1631 19411 52792
1089 10
50872 95031 81466 59298 7888 61844 53020 35424 96911 44319
1097 10
76006 62296 36934 17246 41182 74675 38974 19570 67248 84461
1102 10
102 75798 22815 99827 34513 65592 61617 14312 24549 68199
1109 10
78813 83089 38329 65141 29735 25962 14698 70282 74628 61713
1121 10
45325 13140 36509 23836 95734 87413 87634 84764 28521 62904
1126 10
69678 61337 48643 97836 69967 38746 66996 5615 901 20983
1128 10
34586 85307 43196 76111 47021 6916 58500 89118 8463 26616
1146 10
10566 19738 74944 61032 12669 31259 62584 89363 12211 68468
1150 10
64445 71202 19937 91096 89228 57430 23183 44950 31581 90088
1170 10
98638 12204 46679 88986 6679 2106 64815 85379 2748 95618
1172 10
53813 25746 43743 73063 4972 73560 39355 5600 53936 5986
1199 10
37953 43851 88899 66200 16872 77891 30739 61067 48704 95950
1208 9
13442 67791 93048 8643 33345 65994 58729 65113 90719
1211 10
10490 56167 42074 36580 99818 36079 26705 74391 16166 77324
1231 10
67879 46637 24078 84602 93993 69045 50913 90934 62763 95083
1243 10
34869 13218 97141 30294 8279 81991 11720 95145 53716 45667
1249 10
87288 76800 43004 24923 13016 10207 60004 14370 70255 81969
1264 10
33575 86417 99490 73285 56328 11212 4850 18382 60659 15615
1271 10
37721 91230 13665 58716 39846 28773 23550 23113 73484 35685
1286 10
96233 69011 1507 7345 13734 42207 42370 95531 47537 50196
1291 9
69732 88 37438 25530 46431 67122 86493 85411 45993
1300 10
42464 71545 24048 23604 37145 85680 85053 74317 45733 11468
1319 10
50442 88495 72210 16460 82124 94206 87614 94324 20108 97102
1332 10
25872 50977 87423 82194 82628 17754 45514 1607 82265 51458
1337 10
3771 40083 52654 40479 97214 85978 4037 95636 92650 24026
1345 10
94509 42322 23559 91428 82341 31986 51800 59885 88362 52360
1352 10
74571 88807 53141 66945 10730 1598 10891 33381 72680 56787
1398 10
71515 99371 62751 71375 76576 75665 68616 19404 53546 103
1406 10
18059 74221 46065 18820 48761 43125 41090 50245 98931 90730
1434 10
10192 46926 61226 30652 88559 66369 75062 57828 67173 28963
1436 10
98677 3209 67474 957 9923 23877 61802 5145 32549 47912
1445 10
98099 77844 76334 18135 26697 80407 75740 79477 80730 91354
1468 10
89902 80456 57976 10708 34715 99868 61953 82582 54279 61095
1472 9
22086 26367 92997 20496 26735 53503 55709 11128 13357
1473 10
43090 27947 90268 65158 85313 164 66349 80686 38021 86794
1477 9
82227 71393 23814 32372 86310 2477 30077 88028 51894
1489 10
6539 98757 68669 89091 84676 16618 18780 40236 10960 96446
1491 10
72736 40610 40304 36866 46948 26376 32804 89224 64376 52258
1508 10
24102 96432 91455 47208 8568 19426 84090 19562 42613 95112
1512 9
37252 54592 50707 93422 98363 82870 84574 23022 52779
1518 10
69746 90917 95816 42555 26593 6434 54501 89076 88455 21636
1521 9
34218 73574 91929 22701 16704 33311 26915 25408 67054
1523 9
49758 49594 36569 88486 42996 63727 86621 61035 96746
1540 9
13159 35972 54618 46416 10170 78043 80872 39918 95986
1548 10
61821 934 60640 92675 55851 40589 3475 75022 7862 97692
1573 10
95564 37730 82601 44788 93175 73636 60936 73476 54410 24632
1589 10
50456 61124 18483 30000 87699 51598 86999 21865 58925 82106
1608 10
52406 14835 47564 12726 78176 88903 86287 79704 22913 26173
1613 9
25183 97320 24699 22591 56635 48210 94691 84980 83261
1623 10
55095 7170 95847 99592 41821 98054 44060 94486 66404 63625
1630 10
4576 36035 85785 30501 20363 44063 74771 84827 14764 82512
1635 10
16775 27761 7549 14676 54372 19409 32138 53265 55690 11030
1638 10
71993 84949 3724 97787 52448 68545 5091 10482 89528 5087
1649 10
25266 51556 56437 52036 76065 92600 80013 60467 25245 23175
1654 10
778 95041 52611 12061 6746 8543 86486 20083 75014 99131
1662 10
76704 4716 27462 70970 81383 66289 85183 90835 45761 10415
1711 10
22263 81455 15797 27128 77518 15318 45685 87749 67380 86544
1713 10
76305 19008 29893 28140 52223 23868 56522 49962 13334 75246
1716 10
79815 45326 1503 34480 33483 32760 39092 44812 86604 47678
1728 10
31037 45965 57457 86432 78080 42409 54790 55842 52450 29283
1745 10
39053 8726 26503 98497 72162 46131 88721 94685 49099 72486
1746 10
56409 46817 46504 63222 48698 85863 87020 10129 13698 97538
1748 10
57839 56992 78059 6152 27577 51939 73967 37528 88802 89971
1757 10
86288 88265 3810 14381 48197 58879 11575 67728 86689 83612
1759 10
67116 83614 27616 64819 62170 10298 60003 13082 78093 93292
1760 10
58487 39132 14830 22422 82880 46805 28953 40929 5901 49620
1781 10
57463 7097 14897 28457 48630 10034 93275 84318 17300 56479
1783 10
89304 37778 16172 35931 92323 75896 86421 70778 18290 98797
1787 10
15514 58555 64518 48177 79787 21113 91544 78312 55525 8799
1796 9
17528 1215 28708 41119 24706 45384 44846 1442 63547
1823 10
84113 48817 7759 42283 70401 13017 716 44567 71251 65559
1825 10
33927 51492 57716 26896 12285 63567 11044 91331 92287 45181
1838 10
35409 56081 75180 40384 16690 46167 88825 53028 57401 61404
1849 10
94813 99694 87993 79646 26122 7500 96216 58511 72423 77871
1857 10
62066 46274 69824 38197 72458 99715 61087 76523 88860 89870
1865 10
19173 11408 28039 24540 20743 60318 39356 14670 91869 93266
1875 10
93581 2866 30913 41170 6913 55570 65010 32098 16928 35936
1877 10
83220 10327 99188 88428 24371 62894 24805 27851 10917 20303
1879 10
82844 54365 46861 40281 54993 38141 33819 39746 74973 86311
1896 10
32205 14504 23889 7967 3732 3887 9001 49601 98120 16860
1904 9
27383 46917 52719 13558 27821 13505 73649 12357 14044
1916 10
51752 63665 67768 22030 91707 17740 36988 64083 87238 38157
1917 10
5726 30845 79056 97685 41484 30149 38740 8400 51209 97204
1929 10
35489 29112 64597 67318 92678 11423 99133 39464 6189 91282
1936 10
20331 79552 40500 81793 82705 64943 25943 95738 77836 35664
1942 8
58476 88322 89005 3492 58111 4303 53495 23478
1960 9
90691 64186 13869 30379 67313 15752 35270 63258 79988
1964 10
93659 52596 23560 22840 78578 24568 15624 81950 51966 44464
1968 10
76283 85867 51125 25937 36805 16844 89294 58792 95359 81056
1981 9
87601 18454 65231 78585 95647 79223 1697 39119 66225
1984 10
32744 29613 33464 33105 95766 60456 12902 80178 92038 41551
1987 10
87918 48807 91223 99942 16012 68401 12008 7982 91284 26753
