34
13 2
27540 35977
144 2
2159 86252
841 3
53547 18412 97336
198 4
67461 85926 43277 72862
70 7
12609 51218 46955 59038 69450 39147 64693
231 7
2623 32684 63041 32599 23534 49217 51340
682 7
99911 2095 36725 62803 37421 71748 64141
44 8
11301 67337 7177 6481 12732 19798 48493 27027
281 8
35282 34826 61772 98763 58260 44849 39307 28028
463 10
16211 3496 77430 4723 69374 55917 51567 9592 72088 84698
936 11
43530 16142 61472 89443 31663 30600 6219 30618 35974 73598 91792
120 12
32188 26106 27416 25587 84406 37305 54379 44585 77479 8848 85140 90825
328 12
19780 43999 19527 33938 34807 96227 53214 367 25160 49207 33740 81785
552 12
49661 19646 94290 26350 55545 43328 47379 37990 9877 95124 64790 25992
81 13
31106 18456 86279 4736 53156 79511 30539 2707 24063 37652 9268 79916 61114
386 14
43600 89204 85219 36458 18421 6016 23902 17512 46755 33385 31085 67088 41109 65711
471 14
14167 12704 3483 18841 99955 73200 15816 81107 32118 73414 90830 51538 35339 6961
416 15
78105 70897 77021 1804 94715 61303 14666 43182 17330 92947 17636 79390 72703 75226 85126
856 15
35138 20892 28413 11792 76147 93699 9664 45789 24378 62884 57723 48369 10159 18910 28726
541 17
27260 73074 93418 59810 1339 54475 65129 30209 24930 80208 96782 93491 62190 51843 53375 34813 43135
948 17
8941 25708 47500 89537 98258 39578 91111 55675 11347 28157 49716 96773 79672 6900 53225 36420 39097
406 19
22702 83364 97729 5175 80456 43520 33777 71181 15264 76263 11373 32315 39409 82163 84733 54313 38572 7785 95533
762 18
9091 67087 22616 51709 55343 74542 44445 71309 7198 48424 77147 82838 86598 65447 5687 8710 10739 34911
703 20
129 71501 47401 86675 87338 90768 14638 39512 60396 95323 49064 9559 6977 18747 81481 26371 1560 44773 54963 62254
221 21
44632 8930 59295 58210 47015 71305 4511 42072 96568 66391 2939 68448 63931 30788 55582 9653 69314 18439 62039 95958 7527
275 21
68837 56099 28202 19197 78046 80390 37622 38324 65345 13727 87440 58119 56813 24185 15809 89075 34654 44687 62421 5874 90778
435 22
40494 37475 468 11718 31747 48405 3191 21866 97688 35239 84965 46239 34335 95274 32522 81036 58609 87514 95703 56133 79112 34241
450 23
29185 33222 17196 25354 96331 98694 33142 57628 34850 38383 78089 62328 361 16126 99360 34350 69742 54622 41428 41943 5722 1731 26416
146 24
24660 45698 59379 77474 64312 65104 24728 8225 51690 93375 65870 60993 46781 88157 49987 91766 34321 95077 57078 16197 10833 97504 56219 70432
628 24
28769 20111 61834 75296 5476 41304 46407 98692 26672 84904 90249 2077 7421 41450 36084 11306 195 21435 76074 71292 62512 86412 39111 24701
629 25
15381 72254 33843 7430 40469 85930 4119 32770 61500 23563 58470 86651 49084 6335 44432 76198 49760 56522 40806 78674 42790 59031 44720 94070 44767
761 25
15455 24676 38096 42292 77219 95034 6162 32275 98277 11921 50358 7130 41509 25330 96592 35721 37498 78140 90488 87097 32368 31384 43034 83559 41984
251 27
65343 88204 37376 52965 5023 8936 58172 87226 79361 41598 7812 51614 74475 28428 5878 52782 51955 2938 82046 23460 59666 79127 55044 8838 10209 17499 57243
565 27
9327 77673 86886 82707 11011 47926 68289 46138 23335 2500 28502 44973 55720 59448 7647 96649 81791 17779 54181 99859 34974 18298 49006 15498 11480 21867 73215
