200
9732 19
5122 70399 91031 68587 25547 59657 46395 97694 23745 23923 50564 45457 27469 16150 34279 97489 14832 30621 21619
6112 19
95722 86659 6901 1051 21317 61716 93072 95625 27539 57834 87586 54018 96465 13248 40142 78666 71160 47382 31668
8408 19
46750 23569 3312 22006 13455 37821 27938 31076 69966 82975 4098 47632 9756 35896 40222 63077 23584 16222 5279
2631 20
91910 95646 98470 51443 86463 63405 92325 72613 46628 27196 65968 53154 30747 39248 48846 11334 49839 41551 72913 28844
1478 20
88154 11030 16091 29736 40915 31959 59763 89956 29280 70272 99281 81910 95287 44076 3165 94760 21990 16541 94114 56764
1764 19
56196 11406 20779 65649 12597 56985 47404 14379 12587 65781 13065 64281 56758 14640 77315 48550 21325 54107 44025
3597 20
55285 43268 12667 82493 90138 11413 73670 43181 59146 10118 76133 40462 30212 26650 95110 37962 84345 44464 15572 90342
4255 20
4701 36939 86205 72649 49819 86341 30433 63616 82795 26711 80831 67242 43634 56287 99761 96564 77860 81866 64636 86820
5294 20
35912 22848 78899 16698 42723 24523 48322 48438 77661 14456 80627 28350 93883 99504 93228 22139 78911 98765 87435 95852
1670 20
68138 93037 71716 56610 23129 7834 51718 68239 3253 1764 74694 63980 16775 68278 2236 76288 38845 9793 3093 4625
5172 20
67828 40985 8430 78612 57587 22553 45727 4624 863 52269 70466 32583 5955 17102 24432 52564 51447 71104 6742 57499
1401 20
650 4430 21662 41249 77727 33765 85309 10209 63672 35776 63603 99567 18325 40839 59882 88283 25313 36831 89744 32087
5065 19
99038 311 71880 28614 40458 99758 20130 32542 3096 69453 77520 75917 71471 89812 28703 62380 9950 6870 63892
4271 20
16292 54256 18754 48279 28379 11583 12340 61454 68113 29450 43577 1111 34348 71604 44465 26395 24347 86717 49633 20987
1542 20
35572 37154 91068 57961 88883 74937 2698 32276 43483 25437 41041 41059 48422 47800 20852 50781 86246 46442 53326 23501
5006 19
25614 6050 21514 30427 53649 57867 95257 54828 18289 50106 54408 12938 35815 46101 68314 76702 64415 91079 39830
9582 20
25539 49047 18295 15781 91380 38096 76051 65333 84645 79771 82593 71517 57117 26027 72058 75325 62732 68781 80930 72460
2595 20
43589 4574 85163 7402 56102 89403 65394 47277 32210 14294 58789 37988 24051 74434 21527 20237 99774 6211 53077 68600
2829 19
97725 82823 27028 60182 96141 9546 97508 85080 85274 91369 8252 52043 77091 91436 13207 85013 74154 56084 41562
6910 20
84035 1461 74100 92039 42546 10629 15916 77514 1819 68231 83844 79901 30148 29866 24360 29904 15432 72794 59656 34096
1959 20
66986 15504 58849 6488 8816 2558 30360 79779 26926 40740 78377 92586 37814 37462 26841 30904 22070 33065 80465 65440
7197 19
32052 70548 45087 85002 60373 17486 40527 50884 9789 35493 79354 57825 33752 22905 57881 47711 37221 29183 23852
5287 20
8987 27536 10141 45300 28737 3206 3028 84768 25182 74627 80276 74984 85930 7137 61540 78017 6389 25386 70320 69034
2935 19
63695 68413 91478 1992 79361 84668 14544 89387 7784 44126 34906 34047 29005 37916 37879 13418 75105 89879 94414
8696 20
77630 17085 24855 86267 78115 42488 66416 65791 5076 38304 82577 45104 82092 2284 89554 44776 3876 35619 87902 94634
7339 20
99861 50903 77692 72783 32093 56101 37395 43162 18156 29228 78398 5671 32405 95078 2107 47960 29480 53848 27500 28568
3169 20
27591 51699 91815 21040 45464 39686 81404 88523 27517 21488 50325 68833 14258 28600 47381 55535 32833 97013 83548 61712
1598 19
51557 30557 57788 56326 10902 38745 13254 34493 11607 93254 79514 17390 9729 3331 64519 38763 81280 11831 76495
9487 20
32525 6038 32426 72923 98040 26750 75389 54543 62805 32950 52169 35812 2958 42850 75819 64606 9282 30970 24335 76083
9692 17
6893 95232 89000 38246 17138 991 70740 53196 44492 49181 12574 45235 94674 90107 4046 10196 59362
9806 20
5897 45685 49240 26491 23799 25166 66069 91531 27565 5999 32539 7833 66792 63040 48636 3034 75753 51194 17347 90405
7901 19
51089 18318 2992 46423 80845 83308 29395 57998 57830 88339 72008 58602 26579 10970 16893 99186 29644 88594 83517
7815 19
29279 99502 35113 21168 69558 48124 65395 90719 5927 79735 82861 90067 13176 56576 6691 43089 83165 9755 47844
1424 19
82775 78366 32595 503 88912 37377 35687 70030 60367 75658 43196 88949 88092 75603 62620 18512 74316 5751 76808
3177 20
95748 3463 41280 95194 47795 87898 42259 61995 77499 6937 53291 72611 22071 70659 35387 11779 8418 3862 20571 36917
3454 19
79703 34871 32422 19732 52330 9148 65309 7321 61351 84783 31384 65984 4898 98346 68136 55062 19304 65362 65778
5280 19
59088 54599 61687 23202 20382 85419 74762 40635 18672 25926 40099 33324 85492 24160 82615 13124 79446 7245 43188
2493 20
15829 39918 76814 58246 43399 32355 33432 35806 48818 4729 42085 83473 57871 74389 63953 40108 95617 33551 79579 8519
5036 19
85664 9900 46328 30645 579 29604 40914 13524 18083 52674 39032 92696 13644 77929 58639 35359 53126 39903 45519
9294 20
97076 48181 89243 16973 72711 57516 57295 7009 37479 23597 37909 33522 42080 54341 42870 96726 747 68640 87581 59429
1750 20
70715 68603 84480 97517 64392 80077 7149 44587 91749 41618 62902 54370 10305 91723 3419 74833 68908 18814 28733 11023
2643 20
46099 55530 571 48641 47714 60965 92516 47531 27112 60587 88998 19499 72542 72861 92984 70175 14964 16944 31813 38170
8407 17
43528 61032 71975 553 35536 29682 90837 1674 13322 32342 58976 49023 71533 36215 24530 53003 73812
4630 20
7100 94786 28823 91356 82768 48216 67946 72945 66660 43959 47610 29479 84525 57171 84719 79817 7177 54033 368 69243
904 17
64466 1135 7538 96928 90569 62617 71323 97527 26397 28012 24713 44808 53568 37057 86297 16486 31208
3120 20
92494 70284 89957 74725 63599 81665 16260 72215 85769 3756 95577 41195 99902 45779 54200 80761 82105 86000 807 75149
2644 20
86734 21544 6193 45285 43777 45568 35291 25096 4356 76246 84739 45494 25465 8260 53516 86827 35476 27945 57696 91944
661 20
83190 9112 46618 5110 55860 15973 15297 26557 87312 49350 66405 77606 86001 48941 31489 32402 41272 44823 25973 50977
2995 18
19261 21413 1247 19577 43436 30414 9318 52134 5441 63121 57138 18246 74081 34544 5274 52146 84242 30202
4401 17
12535 66987 90009 2498 27963 55517 92631 89240 8449 91057 13369 53624 176 55061 10694 96546 40054
1133 20
23940 84375 80544 87020 6023 20269 20708 21741 24559 4635 28103 35861 22869 41188 89093 50898 23045 67618 48670 41625
7358 20
8226 34122 88944 46729 65619 36550 67570 81897 30585 46203 81543 6016 47834 65508 41726 51487 59605 45114 34271 63957
8046 20
13731 1801 70753 80588 70965 89532 67877 23451 53710 19009 35624 48638 47686 52846 59572 51652 16932 53756 93679 9462
2560 19
61536 12033 42077 47035 3919 98687 87694 46678 34286 90653 47585 57157 9355 54891 23625 53012 50332 30532 36243
3928 20
81414 75480 98055 76960 30902 32229 99984 45529 94388 20790 79929 15018 36372 41979 1040 88388 11109 67684 49155 27612
5763 20
66230 68800 53009 25576 95236 26444 66108 71306 75194 24823 86642 78572 63137 59364 37166 94605 53371 69478 76502 59160
1364 20
67215 35016 50191 16602 46785 9703 53457 18075 83629 5480 43337 7442 6637 13278 78179 36175 22118 95115 31631 61473
9029 19
90513 9474 73968 87109 21238 8174 15784 76134 15325 67865 93249 86492 54927 63312 16128 14741 26710 15282 67385
5621 19
34928 27127 4633 7845 32620 59919 94534 12746 19098 56717 52140 80098 3209 14822 78307 60026 28194 45934 91081
4139 19
99384 30583 88407 66706 15677 49140 58217 42697 17427 98735 81556 22546 31160 54109 29502 37278 31040 4532 56378
8728 18
50050 35203 74978 10134 71936 35881 33260 56671 15654 69082 74374 87702 47730 72584 81479 73194 18116 65433
1606 19
89988 93400 81083 70712 95307 70198 87052 92791 16695 82204 60313 73298 443 74681 22806 81745 70957 5223 14572
2830 19
65030 11521 50999 2816 2023 27169 69904 74125 22923 73779 52506 3571 93477 66058 43765 85802 81508 24754 62515
3015 20
45619 60802 57506 61320 45093 34807 12014 55366 34244 50932 84758 59103 18432 56574 62459 32227 44696 4840 10788 94206
1949 20
63589 41367 99686 77607 96757 21318 2883 7767 75188 71256 99572 98832 5658 82966 1416 18968 52845 29512 24096 46254
4188 20
61376 98086 78816 24790 9776 42996 3949 55107 78967 9443 48855 65716 4685 61295 94512 95029 49469 74653 40737 53254
6727 19
99493 71129 33423 33345 46683 169 3037 89985 27475 99419 20419 9678 35650 89031 751 62815 53500 9975 68367
5311 19
71301 75001 41168 52285 31674 27 56186 82953 26765 37385 5980 40337 66267 88308 47594 81510 76763 73422 85283
4513 20
11304 48415 63081 88072 38979 60048 52031 5672 40848 22984 47890 49050 77628 85018 28662 71928 60769 38189 38479 4090
251 20
28038 30980 42849 36245 380 36247 96369 51726 56930 2436 41394 42139 43465 6156 49704 30613 88034 16364 68948 80354
3340 18
8177 89643 45755 76201 31484 33191 46621 7453 34884 37866 23964 64382 66710 82696 54815 77225 1489 96673
5073 19
17662 48921 1651 10573 68016 40888 30100 45208 46035 86595 1600 70780 92389 54000 41490 36875 61732 21584 73007
9530 19
3263 65930 46332 3782 5518 18334 71577 27657 30646 72234 59229 70247 94433 84206 83438 78919 71665 91234 8645
6712 18
87917 28022 4260 62255 10214 76611 21673 72059 36804 55337 14454 90135 60773 4014 85203 82890 8461 15454
5747 17
22476 5477 4551 29847 61271 58762 84961 6244 28043 65590 73983 17337 4922 76982 10681 31431 49244
9717 20
83029 24005 89528 10492 87353 85268 80175 31613 54700 34430 80746 53060 8818 36358 49619 17131 71094 31011 81030 17668
9619 19
33053 99231 81817 94054 8715 74864 53603 4945 93670 97570 59750 63514 16869 67923 66905 89384 71889 22074 41545
4951 17
99435 4648 17168 9077 83976 84586 17051 60464 79988 80866 96872 97325 60946 58531 54317 47056 81802
9242 19
21470 89260 6430 26479 42919 74072 49420 31590 3638 86748 37862 78355 1941 33400 54825 29313 37102 52262 10725
4275 20
80800 98905 60857 92110 93416 46631 4338 86091 47970 71821 95189 99148 86342 21220 39744 2809 63686 32042 70417 80892
9805 20
77204 54566 82251 64975 3203 205 85938 60084 61658 53462 55021 23730 34639 25462 30928 20438 69928 63350 30299 57977
2611 19
30014 75980 35787 2252 70329 52184 20379 29626 46689 85641 97483 42207 2013 72537 29310 57813 55573 20784 71017
7219 17
8046 76261 99905 95844 81402 6933 61498 10232 10771 52610 65577 83244 80035 30095 46688 79025 56374
3525 16
28338 11729 60690 99793 33222 9648 80204 97816 72796 53202 39839 88124 54655 26248 89782 22992
5928 19
71629 93169 6800 6437 2104 16327 46283 9901 70381 98020 92971 48786 73704 89660 89184 30727 58680 42070 58003
6008 20
5250 79165 80558 36282 60417 11410 43410 24401 34879 49132 54791 87851 45867 29920 65795 29348 84551 96729 14507 34661
8385 19
74830 12131 44086 17066 42303 88746 75733 41505 8231 10972 22621 98942 69228 48764 42967 62862 99595 47878 50374
1962 17
73637 84765 2502 51671 58664 96281 62671 44428 68175 69742 29826 96098 82765 78135 30483 10878 73818
2054 20
78222 80293 57039 59767 78287 85047 94677 44097 2201 64706 92636 64013 1710 91659 38213 45711 93387 6185 15150 27668
5057 18
56493 35107 54671 52320 92737 26128 37723 56288 27485 27927 20724 98302 30101 10394 51615 91836 69573 37004
349 20
17897 59352 20469 64201 34171 99807 71808 97265 73350 18167 56492 92378 39545 10212 83215 45706 87536 55168 93253 49971
6134 20
16441 93362 28511 14464 21341 59575 88845 58272 84770 15983 54442 17304 46847 20223 53746 83989 72197 3 15130 8314
6977 16
17293 26326 32183 70449 50143 48057 75975 71114 70124 97203 99006 32393 1942 66128 16614 99975
7412 18
45165 94954 31548 13706 17176 33887 75750 86753 34867 59333 55422 43542 33927 5212 80424 68343 52651 69932
976 20
69105 78129 3121 70061 79713 27399 7768 92649 84408 1581 25452 3485 96395 2565 61758 20915 89648 61575 84913 40726
1537 19
33275 6451 87307 97801 83836 72268 48693 17099 37321 42729 61374 86409 74527 91907 77438 12074 2729 54007 69114
8834 20
66250 24810 94079 47536 33122 32461 29971 47838 17043 69488 73288 15140 26969 20112 27790 27208 57592 94166 28952 80124
9937 20
80087 80626 27017 66338 19533 93406 16797 93635 33274 65351 93171 23664 67641 86547 55483 32255 8300 73695 64210 71638
417 20
24763 54617 96586 42052 93582 67351 15324 275 60189 1989 66048 35858 23860 6910 94957 53611 99685 47041 95889 10368
4433 20
66372 46541 84020 51197 19352 27731 68362 51203 94976 23365 38711 54230 29276 66206 53097 10802 63561 12864 43036 64294
6193 20
36402 30943 91125 9104 46958 90838 35872 48885 39912 80380 81647 86553 99532 75383 6591 3566 5896 14845 60882 8650
3523 19
39469 40136 63837 55861 49092 69437 85122 56113 6594 83589 61656 22389 672 46939 92911 82484 14623 89143 66494
6832 19
25364 20256 96968 935 17907 83082 91032 25371 22132 44438 86543 80719 26356 72490 65767 39171 59365 99670 18282
2468 19
59586 15132 6745 64188 82367 22455 92160 44075 55111 71515 48757 97638 67246 76499 75860 4270 58641 58943 50910
7218 20
21624 17868 68180 51664 9385 41014 19101 42873 10604 46565 67526 7404 32922 58235 49821 75619 53763 88476 45458 91340
7834 19
54148 34715 42104 46790 35584 7810 60732 66811 58700 63472 49481 43920 17644 51735 28688 15667 8043 5965 19199
5053 19
25811 25989 93125 11913 47759 59427 97862 95967 39551 73720 37442 97335 63193 59378 93391 19673 10965 56682 45636
5337 18
24497 76649 39789 62762 89207 85424 73977 44852 64465 83241 91595 34927 21581 35646 25542 89116 78638 64741
6247 19
17357 52998 1267 9586 13773 16436 87397 82602 80219 87127 84919 97839 68930 57766 43826 1016 39781 93861 23903
8806 17
75719 78327 58071 29987 38700 16845 4935 22017 15056 53684 37049 40312 39730 62452 26433 72171 4637
2929 17
30469 70385 43243 87204 21993 38518 44911 46862 38703 81535 54481 27023 35499 91547 136 27465 58328
9647 19
36307 36874 93830 69201 77077 14951 24037 35547 6639 20992 25354 46419 25514 29392 3723 22523 95318 15121 47109
8301 20
59243 42833 68204 77553 79564 93091 86813 60520 44378 33035 73315 79257 25209 8668 77403 80421 94550 56580 91618 23887
2442 20
9663 48981 62385 72868 96549 4533 16400 73543 40660 25730 31444 48214 58775 84503 69852 27609 16842 98604 48399 99505
6017 19
46107 908 76518 47062 36596 90217 76080 44017 80407 99079 81823 90235 96869 27909 24947 13927 23138 97607 99549
4413 20
7762 7199 10327 86589 84151 57058 20025 18639 20941 59260 68090 49728 3122 91694 14730 46770 32534 37650 28378 66666
5239 20
99630 72887 60165 93034 77815 84030 85295 77922 31060 60645 78457 84346 98401 84253 48604 32705 77807 20909 96215 40472
2664 19
57718 91693 96111 57976 73448 73485 52093 84514 31295 70202 80596 39531 65434 69525 54995 47150 47589 30059 60287
2384 19
6258 40514 40138 44035 66377 75040 92352 74373 52570 84077 28226 47168 15032 72828 83871 65527 34763 32593 89392
6836 20
7098 11927 8810 35649 46021 39964 13539 2475 73748 43887 60963 16538 43972 9803 63685 34777 76334 44567 47880 20434
1561 18
16710 37612 18027 58267 27889 16984 90433 37006 38789 87458 71237 30326 53032 25619 92091 92126 5669 9880
7040 19
40241 80914 6429 20104 19113 9114 63916 26840 15896 51633 61395 68762 40704 12011 36601 18632 81695 95228 10448
7541 18
9812 67202 36106 90316 83579 36777 13215 11479 5324 86275 83095 93685 19940 89555 39512 52966 20145 38348
8472 20
47754 46723 71149 42765 87231 37818 31206 27105 99210 96439 96632 78122 28863 15709 88166 42883 52642 40905 1120 74540
9583 17
11881 982 38361 84306 27934 96922 70184 42148 3971 25138 30952 91996 69681 22618 65819 98534 66941
7389 18
28797 43180 50251 24479 7893 18996 65733 96539 8061 57523 55750 88532 23459 77292 6141 19237 73191 52922
9269 20
86757 22497 23128 20210 57458 93686 23676 26347 50815 19235 29253 37052 96352 59944 26592 17441 16975 9353 95977 76753
5197 18
16340 959 2237 58313 36950 31799 72674 35091 23035 92028 88446 22871 24753 79138 69462 45343 86398 39479
8736 20
60008 90079 5591 66827 85576 33706 16084 49650 80692 25964 51427 94262 33504 24446 38512 11859 8865 350 69455 21646
8117 18
4576 77852 87340 45061 86052 25582 95339 82206 42394 97180 25506 84635 33954 54384 85583 82481 14959 70570
3629 19
72472 99147 51851 5750 6044 44889 68531 93128 789 5300 12758 66715 26714 70113 64501 16242 88364 4753 24513
8750 18
74777 44610 9468 22364 62683 38092 7264 31847 49185 88161 58401 34853 32270 83312 56668 51553 87766 92134
19 20
31923 41297 10987 84320 53181 77516 54031 15417 45938 59697 84845 53043 82303 289 33832 57153 62074 34109 50289 2596
7833 19
6455 13335 76171 13413 25955 96292 81100 65603 951 28929 15040 28263 75439 80729 77924 27970 17284 82706 55296
7988 18
73737 71914 74963 77953 99324 11809 60842 78125 73639 92503 54800 99652 52276 6005 56908 56061 29220 38340
8839 19
81713 30601 11548 13780 48420 79479 25978 4964 66404 93992 61444 24954 76776 80409 62467 17418 73517 15830 25692
7484 20
89053 499 51693 35042 62288 83090 30428 74915 27513 33011 97413 94567 1233 13048 68859 6999 33899 24604 31262 80159
5469 18
5116 6240 80793 71115 66309 94990 66396 41959 34624 81175 65340 71779 28439 53581 90219 61342 95665 24373
6185 19
92901 94908 81670 4259 43886 26521 47875 49168 13777 75533 10957 50605 53631 39140 80553 64503 1550 85140 88182
7287 18
91452 47716 31373 31985 53773 9724 35972 75752 12943 51665 67875 56179 41289 70999 84244 18785 73935 35538
6020 18
35028 95373 141 25232 67998 5209 65581 20367 38495 38747 16329 95225 46814 7074 6235 77779 37584 55774
7709 19
70512 91415 6194 67654 9816 17174 99195 56021 69407 88615 53259 37972 80735 58854 71892 28069 78733 23021 24499
2195 19
18650 79516 89775 25329 31905 13602 34559 21469 21788 85567 62410 11111 9115 30283 64341 67749 462 53185 59308
7072 19
52746 60880 3659 72820 23931 17708 73842 96889 14344 39286 90714 80706 26289 97556 95521 23190 96718 95736 28666
1465 20
33539 52286 7543 78843 45149 71796 18009 96 6159 29361 30721 19036 10613 90912 74811 50666 82355 81711 38758 44199
1340 17
83278 30989 29399 79385 11220 7227 56105 2184 26338 66307 2239 42587 70815 9369 46563 7179 18235
2922 20
33208 32682 33656 40862 62828 72305 87058 72829 16526 26814 75524 30076 45653 19408 76311 42405 51794 53663 9446 88220
9618 19
22615 98974 94777 50619 98375 84855 25482 59376 44304 62320 33397 2458 8646 4238 69299 9983 89076 82354 62769
8922 20
3565 18982 65981 96594 77920 65273 42017 81571 84996 66324 85397 54162 21587 41981 44118 39595 50624 20304 67842 89647
5628 18
98738 93725 65848 70848 60959 2466 77697 19434 49668 62968 37945 70865 20184 42200 56090 50978 65347 42494
6464 17
7421 42483 19163 71231 70117 51166 84763 58880 49221 88610 37271 8972 42093 73781 78557 73743 7568
1262 19
81930 52936 91993 97293 59548 63823 28974 89874 60418 91379 76659 12010 37217 4865 99440 21917 93039 89597 15082
9836 20
63244 10156 86374 15151 65991 34747 54368 46523 32683 84746 93608 64956 79991 37094 78858 72558 92220 32046 85288 49563
972 20
2497 17859 35199 54586 67061 27474 41005 67802 22442 55508 60423 23737 47495 15185 71103 90445 43377 2389 16153 42783
8884 18
42053 20310 22326 11645 59177 67226 36919 3550 26684 96767 12151 90230 63572 82713 94654 6991 68993 55880
875 18
1076 83367 66502 76351 23244 19725 25801 45012 7369 69768 18696 50280 24063 31777 16430 58702 34973 22879
9636 19
94382 22875 3261 7273 27211 77358 81091 4076 26596 74739 45399 13836 11817 14039 85429 8473 66300 97065 52435
1215 19
67496 87296 4878 66450 72157 78323 11905 72463 32697 51428 38005 38052 76553 93761 28288 3191 92420 74238 31267
7380 19
20947 93267 49526 28082 60172 87971 82460 64757 2230 90981 37914 91080 77412 86337 12342 35840 38921 31465 60646
974 19
59834 50584 59541 29246 75170 81788 95871 34577 18023 81697 36841 44538 50200 5647 52218 8501 90806 52876 18860
2247 18
75941 12144 38308 68220 52810 84230 63658 51686 36357 81455 22281 48484 996 37130 68102 8131 30364 82702
4388 15
5537 66454 50184 65184 57524 36024 12450 46182 12154 34992 1073 84944 59041 34052 81015
2596 18
61967 89768 7317 27542 8770 13673 77235 99555 81132 99463 76435 39432 34838 27348 85984 55132 92388 62448
5639 20
40505 10915 93994 18113 3492 35423 6993 5820 37394 47904 48368 83004 24597 34598 36910 80119 54255 56052 9399 98037
264 19
51971 92154 43906 22244 68055 12083 32309 49444 69178 99300 73181 49927 99607 33829 59053 25941 19188 26064 58244
9985 19
5474 44342 43277 46976 81477 31641 352 27065 39791 95315 4521 13262 86708 18118 81469 35989 94829 71651 57997
333 20
83552 66274 16094 43130 77281 65703 17375 14167 28898 54340 98009 22979 66077 56452 2253 56312 85210 26728 629 42018
9277 19
95698 1404 16941 71851 32901 61344 85535 24431 1677 26618 8730 52765 17950 69537 75269 4990 82049 76296 98478
6991 17
39427 25107 43937 27179 94663 8839 71212 40849 74367 81265 64979 27383 1984 37168 18473 49014 36109
6468 20
6743 45359 38772 93445 43956 60710 3664 85490 84678 33024 68680 5418 52653 2730 81275 70998 39842 15038 12308 29476
1551 18
4790 9404 34746 37223 21609 56068 88606 8504 12481 57630 60973 97317 2684 68416 44066 41567 51535 57225
1928 19
91387 29389 7612 13849 99276 56262 28227 2137 9633 78401 37082 16058 98559 97196 71206 83502 30272 35298 71220
6141 17
75195 91077 13895 15322 38641 17779 53885 82967 38111 75205 48360 50634 11291 14509 94993 88688 57400
1586 18
98168 70460 6839 64819 9184 59150 81029 45853 5425 30002 99143 42446 37911 79629 46358 72033 75129 91872
2005 18
94316 97916 78552 19293 83642 17246 77068 95397 65171 94802 70907 21358 31161 36257 85118 26904 84815 57394
6497 17
54968 59139 4320 33968 58460 80218 91704 45431 10431 41187 91970 39819 39310 96622 84139 80411 791
1420 18
76512 20791 39276 82035 27803 72371 84686 26410 1597 89894 11526 28783 74425 80524 46426 18028 88102 24206
8924 19
12031 3317 18916 94983 11531 39946 19112 35280 37607 75238 63884 36417 82408 43711 70709 74346 4045 35164 60589
2666 17
15898 18220 95190 26796 24085 25484 86730 76598 78768 88819 4386 77976 55114 33667 60452 53405 29143
3445 20
33382 51247 64997 38675 4035 61680 34801 81792 66283 54121 67596 37423 44515 86625 96884 85296 42696 21852 4892 27253
1692 18
87509 93036 75801 36480 97683 44581 45606 17111 3721 56858 1643 56466 68516 12711 13679 93935 19384 51199
6258 20
39742 2681 61990 79538 40405 78186 91261 89297 18399 64880 80381 4743 52036 86338 1626 49500 99517 56382 6905 18166
6263 19
87009 79926 55235 6859 94082 78035 37903 84977 60147 83442 51412 80246 63022 55536 17914 28689 6514 65865 29130
6715 18
34769 68116 96008 92033 67956 9544 21077 94724 69349 98111 95314 49510 26822 1147 70288 3598 75926 35878
848 19
76562 80884 26029 69839 1508 10699 4371 681 7640 28295 94950 71790 74184 96781 19413 66596 26788 88991 87597
1725 18
64105 98779 23399 37583 11418 20639 75688 47814 58216 73196 51028 83499 83255 21222 19198 72812 96309 47773
5608 19
55890 31023 25460 5011 91541 47547 77152 27604 19034 88551 77270 72801 81161 95222 80523 66487 31736 83487 77010
3038 19
88556 77621 69583 78023 6670 39175 39108 83715 15187 87132 35781 6021 77961 15116 74535 85081 54771 42724 87299
7793 19
73878 71042 76578 94310 31285 32793 32914 20711 58735 85846 19140 45180 72328 61304 76605 18067 74441 72487 64014
7050 20
13613 57452 37230 21397 63853 34199 84806 40683 85014 41269 45019 35575 53270 6540 37315 11958 54619 66657 39815 79055
4482 17
44967 44312 97425 90221 67305 89662 44553 78570 24692 49467 57388 93118 54183 81854 89503 10365 50173
9359 19
72169 50397 35104 8847 68912 63696 64099 82061 25878 81348 34050 1087 16230 89808 27446 76616 13330 73996 3917
2762 19
91667 61888 5100 79870 60104 46548 97493 97191 11579 98228 41582 64889 41243 64425 64328 25305 51939 88859 80991
8405 20
70616 8937 11318 14680 2869 94531 86386 54822 55744 4455 29265 62327 75782 85493 23404 27052 21434 15557 35887 17767
3099 19
91092 11896 89187 70860 19156 70395 80302 24562 33907 67095 73481 98898 540 23576 70504 45758 95897 75284 13117
9998 17
7541 78073 7193 32067 865 14081 23867 73064 31316 39237 53242 97190 85027 85931 34701 64416 93052
4006 19
35677 69553 29579 43253 66990 14125 55852 27982 11214 70040 20336 95141 94250 54398 16659 51192 73549 26469 48413
9847 20
34886 85170 90236 76930 51583 67470 37905 31148 25360 42249 86436 49572 11764 81346 83562 96190 83320 98774 53569 40102
5272 16
50995 82744 26000 37339 54677 37152 18631 79790 38740 8396 52185 37519 83652 14946 49264 6228
9060 19
49125 17460 58438 73534 15588 3631 32288 85768 47744 82115 39421 28418 75184 2832 51498 78524 30539 91847 21954
